{"C:\\Users\\anusk\\Desktop\\Cursos dev\\Pruebas técnicas\\yuki-technical-test\\src\\App.vue": {"path":"C:\\Users\\anusk\\Desktop\\Cursos dev\\Pruebas técnicas\\yuki-technical-test\\src\\App.vue","statementMap":{"0":{"start":{"line":3,"column":22},"end":{"line":7,"column":1}},"1":{"start":{"line":4,"column":2},"end":{"line":6,"column":4}},"2":{"start":{"line":8,"column":0},"end":{"line":10,"column":3}},"3":{"start":{"line":11,"column":12},"end":{"line":11,"column":26}},"4":{"start":{"line":12,"column":24},"end":{"line":12,"column":75}},"5":{"start":{"line":13,"column":30},"end":{"line":13,"column":87}},"6":{"start":{"line":14,"column":0},"end":{"line":29,"column":3}},"7":{"start":{"line":17,"column":19},"end":{"line":17,"column":28}},"8":{"start":{"line":18,"column":4},"end":{"line":18,"column":15}},"9":{"start":{"line":19,"column":23},"end":{"line":22,"column":5}},"10":{"start":{"line":23,"column":4},"end":{"line":26,"column":7}},"11":{"start":{"line":27,"column":4},"end":{"line":27,"column":24}},"12":{"start":{"line":31,"column":0},"end":{"line":31,"column":62}},"13":{"start":{"line":32,"column":0},"end":{"line":32,"column":24}},"14":{"start":{"line":33,"column":12},"end":{"line":33,"column":26}},"15":{"start":{"line":35,"column":4},"end":{"line":38,"column":34}},"16":{"start":{"line":40,"column":0},"end":{"line":40,"column":24}},"17":{"start":{"line":41,"column":1},"end":{"line":41,"column":48}}},"fnMap":{"0":{"name":"(anonymous_0)","decl":{"start":{"line":3,"column":54},"end":{"line":3,"column":55}},"loc":{"start":{"line":3,"column":69},"end":{"line":7,"column":1}},"line":3},"1":{"name":"(anonymous_1)","decl":{"start":{"line":16,"column":9},"end":{"line":16,"column":10}},"loc":{"start":{"line":16,"column":32},"end":{"line":28,"column":3}},"line":16},"2":{"name":"render","decl":{"start":{"line":34,"column":9},"end":{"line":34,"column":15}},"loc":{"start":{"line":34,"column":63},"end":{"line":39,"column":1}},"line":34}},"branchMap":{"0":{"loc":{"start":{"line":3,"column":22},"end":{"line":7,"column":1}},"type":"binary-expr","locations":[{"start":{"line":3,"column":22},"end":{"line":3,"column":26}},{"start":{"line":3,"column":30},"end":{"line":3,"column":50}},{"start":{"line":3,"column":54},"end":{"line":7,"column":1}}],"line":3},"1":{"loc":{"start":{"line":4,"column":9},"end":{"line":6,"column":3}},"type":"cond-expr","locations":[{"start":{"line":4,"column":33},"end":{"line":4,"column":36}},{"start":{"line":4,"column":39},"end":{"line":6,"column":3}}],"line":4},"2":{"loc":{"start":{"line":4,"column":9},"end":{"line":4,"column":30}},"type":"binary-expr","locations":[{"start":{"line":4,"column":9},"end":{"line":4,"column":12}},{"start":{"line":4,"column":16},"end":{"line":4,"column":30}}],"line":4}},"s":{"0":0,"1":0,"2":0,"3":0,"4":0,"5":0,"6":0,"7":0,"8":0,"9":0,"10":0,"11":0,"12":0,"13":0,"14":0,"15":0,"16":0,"17":0},"f":{"0":0,"1":0,"2":0},"b":{"0":[0,0,0],"1":[0,0],"2":[0,0]},"inputSourceMap":{"0":"{","1":"\"","2":"v","3":"e","4":"r","5":"s","6":"i","7":"o","8":"n","9":"\"","10":":","11":"3","12":",","13":"\"","14":"s","15":"o","16":"u","17":"r","18":"c","19":"e","20":"s","21":"\"","22":":","23":"[","24":"\"","25":"C","26":":","27":"/","28":"U","29":"s","30":"e","31":"r","32":"s","33":"/","34":"a","35":"n","36":"u","37":"s","38":"k","39":"/","40":"D","41":"e","42":"s","43":"k","44":"t","45":"o","46":"p","47":"/","48":"C","49":"u","50":"r","51":"s","52":"o","53":"s","54":" ","55":"d","56":"e","57":"v","58":"/","59":"P","60":"r","61":"u","62":"e","63":"b","64":"a","65":"s","66":" ","67":"t","68":"é","69":"c","70":"n","71":"i","72":"c","73":"a","74":"s","75":"/","76":"y","77":"u","78":"k","79":"i","80":"-","81":"t","82":"e","83":"c","84":"h","85":"n","86":"i","87":"c","88":"a","89":"l","90":"-","91":"t","92":"e","93":"s","94":"t","95":"/","96":"s","97":"r","98":"c","99":"/","100":"A","101":"p","102":"p","103":".","104":"v","105":"u","106":"e","107":"\"","108":"]","109":",","110":"\"","111":"n","112":"a","113":"m","114":"e","115":"s","116":"\"","117":":","118":"[","119":"]","120":",","121":"\"","122":"m","123":"a","124":"p","125":"p","126":"i","127":"n","128":"g","129":"s","130":"\"","131":":","132":"\"","133":";","134":";","135":"A","136":"A","137":"M","138":"A","139":",","140":"I","141":"A","142":"A","143":"I","144":",","145":"e","146":"A","147":"A","148":"e","149":",","150":"G","151":"A","152":"A","153":"I","154":",","155":"I","156":"A","157":"A","158":"I","159":",","160":"I","161":"A","162":"A","163":"I","164":",","165":"I","166":"A","167":"A","168":"I","169":",","170":"C","171":"A","172":"A","173":"C","174":",","175":"e","176":"A","177":"A","178":"e","179":",","180":"I","181":"A","182":"A","183":"K","184":",","185":"U","186":"A","187":"A","188":"U","189":",","190":"G","191":"A","192":"A","193":"G","194":",","195":"E","196":"A","197":"A","198":"E","199":";","200":"E","201":"A","202":"C","203":"n","204":"E","205":",","206":"O","207":"A","208":"A","209":"Q","210":",","211":"G","212":"A","213":"A","214":"G","215":",","216":"I","217":"A","218":"A","219":"I","220":",","221":"G","222":"A","223":"A","224":"G","225":",","226":"C","227":"A","228":"A","229":"C","230":",","231":"U","232":"A","233":"A","234":"U","235":",","236":"G","237":"A","238":"A","239":"I","240":",","241":"G","242":"A","243":"A","244":"G","245":",","246":"G","247":"A","248":"A","249":"G","250":";","251":"I","252":"A","253":"A","254":"E","255":",","256":"S","257":"A","258":"A","259":"S","260":",","261":"E","262":"A","263":"A","264":"E","265":";","266":"E","267":"A","268":"A","269":"I","270":",","271":"C","272":"A","273":"A","274":"C","275":";","276":";","277":";","278":";","279":";","280":";","281":";","282":";","283":"A","284":"A","285":"F","286":"7","287":"D","288":",","289":"O","290":"A","291":"A","292":"O","293":",","294":"C","295":"A","296":"A","297":"C","298":",","299":"O","300":"A","301":"A","302":"O","303":",","304":"G","305":"A","306":"A","307":"G","308":",","309":"C","310":"A","311":"A","312":"C","313":",","314":"C","315":"A","316":"A","317":"C","318":",","319":"E","320":"A","321":"A","322":"E","323":",","324":"K","325":"A","326":"A","327":"K","328":",","329":"C","330":"A","331":"A","332":"C","333":",","334":"e","335":"A","336":"A","337":"e","338":",","339":"E","340":"A","341":"A","342":"E","343":"\"","344":",","345":"\"","346":"f","347":"i","348":"l","349":"e","350":"\"","351":":","352":"\"","353":"C","354":":","355":"\\","356":"\\","357":"U","358":"s","359":"e","360":"r","361":"s","362":"\\","363":"\\","364":"a","365":"n","366":"u","367":"s","368":"k","369":"\\","370":"\\","371":"D","372":"e","373":"s","374":"k","375":"t","376":"o","377":"p","378":"\\","379":"\\","380":"C","381":"u","382":"r","383":"s","384":"o","385":"s","386":" ","387":"d","388":"e","389":"v","390":"\\","391":"\\","392":"P","393":"r","394":"u","395":"e","396":"b","397":"a","398":"s","399":" ","400":"t","401":"é","402":"c","403":"n","404":"i","405":"c","406":"a","407":"s","408":"\\","409":"\\","410":"y","411":"u","412":"k","413":"i","414":"-","415":"t","416":"e","417":"c","418":"h","419":"n","420":"i","421":"c","422":"a","423":"l","424":"-","425":"t","426":"e","427":"s","428":"t","429":"\\","430":"\\","431":"s","432":"r","433":"c","434":"\\","435":"\\","436":"A","437":"p","438":"p","439":".","440":"v","441":"u","442":"e","443":"\"","444":",","445":"\"","446":"s","447":"o","448":"u","449":"r","450":"c","451":"e","452":"s","453":"C","454":"o","455":"n","456":"t","457":"e","458":"n","459":"t","460":"\"","461":":","462":"[","463":"\"","464":"<","465":"t","466":"e","467":"m","468":"p","469":"l","470":"a","471":"t","472":"e","473":">","474":"\\","475":"n","476":" ","477":" ","478":"<","479":"P","480":"l","481":"a","482":"n","483":"e","484":"t","485":"s","486":"V","487":"i","488":"e","489":"w","490":"/","491":">","492":"\\","493":"n","494":" ","495":" ","496":"<","497":"S","498":"e","499":"a","500":"r","501":"c","502":"h","503":"P","504":"l","505":"a","506":"n","507":"e","508":"t","509":"s","510":"V","511":"i","512":"e","513":"w","514":"/","515":">","516":"\\","517":"n","518":"<","519":"/","520":"t","521":"e","522":"m","523":"p","524":"l","525":"a","526":"t","527":"e","528":">","529":"\\","530":"n","531":"\\","532":"n","533":"<","534":"s","535":"c","536":"r","537":"i","538":"p","539":"t","540":" ","541":"s","542":"e","543":"t","544":"u","545":"p","546":" ","547":"l","548":"a","549":"n","550":"g","551":"=","552":"\\","553":"\"","554":"t","555":"s","556":"\\","557":"\"","558":">","559":"\\","560":"n","561":"i","562":"m","563":"p","564":"o","565":"r","566":"t","567":" ","568":"P","569":"l","570":"a","571":"n","572":"e","573":"t","574":"s","575":"V","576":"i","577":"e","578":"w","579":" ","580":"f","581":"r","582":"o","583":"m","584":" ","585":"'","586":".","587":"/","588":"v","589":"i","590":"e","591":"w","592":"s","593":"/","594":"P","595":"l","596":"a","597":"n","598":"e","599":"t","600":"s","601":"V","602":"i","603":"e","604":"w","605":".","606":"v","607":"u","608":"e","609":"'","610":";","611":"\\","612":"n","613":"i","614":"m","615":"p","616":"o","617":"r","618":"t","619":" ","620":"S","621":"e","622":"a","623":"r","624":"c","625":"h","626":"P","627":"l","628":"a","629":"n","630":"e","631":"t","632":"s","633":"V","634":"i","635":"e","636":"w","637":" ","638":"f","639":"r","640":"o","641":"m","642":" ","643":"'","644":".","645":"/","646":"v","647":"i","648":"e","649":"w","650":"s","651":"/","652":"S","653":"e","654":"a","655":"r","656":"c","657":"h","658":"P","659":"l","660":"a","661":"n","662":"e","663":"t","664":"s","665":"V","666":"i","667":"e","668":"w","669":".","670":"v","671":"u","672":"e","673":"'","674":";","675":"\\","676":"n","677":"<","678":"/","679":"s","680":"c","681":"r","682":"i","683":"p","684":"t","685":">","686":"\"","687":"]","688":"}"}}
,"C:\\Users\\anusk\\Desktop\\Cursos dev\\Pruebas técnicas\\yuki-technical-test\\src\\api\\constants.ts": {"path":"C:\\Users\\anusk\\Desktop\\Cursos dev\\Pruebas técnicas\\yuki-technical-test\\src\\api\\constants.ts","statementMap":{"0":{"start":{"line":1,"column":13},"end":{"line":1,"column":null}},"1":{"start":{"line":2,"column":13},"end":{"line":2,"column":null}},"2":{"start":{"line":3,"column":13},"end":{"line":3,"column":null}}},"fnMap":{},"branchMap":{},"s":{"0":1,"1":1,"2":1},"f":{},"b":{}}
,"C:\\Users\\anusk\\Desktop\\Cursos dev\\Pruebas técnicas\\yuki-technical-test\\src\\api\\endpoints\\star_wars_api.ts": {"path":"C:\\Users\\anusk\\Desktop\\Cursos dev\\Pruebas técnicas\\yuki-technical-test\\src\\api\\endpoints\\star_wars_api.ts","statementMap":{"0":{"start":{"line":1,"column":0},"end":{"line":1,"column":25}},"1":{"start":{"line":2,"column":0},"end":{"line":2,"column":59}},"2":{"start":{"line":5,"column":26},"end":{"line":12,"column":1}},"3":{"start":{"line":6,"column":2},"end":{"line":11,"column":3}},"4":{"start":{"line":7,"column":21},"end":{"line":7,"column":66}},"5":{"start":{"line":8,"column":4},"end":{"line":8,"column":null}},"6":{"start":{"line":10,"column":4},"end":{"line":10,"column":null}},"7":{"start":{"line":5,"column":13},"end":{"line":5,"column":26}},"8":{"start":{"line":14,"column":24},"end":{"line":22,"column":1}},"9":{"start":{"line":15,"column":2},"end":{"line":21,"column":3}},"10":{"start":{"line":16,"column":21},"end":{"line":16,"column":64}},"11":{"start":{"line":17,"column":4},"end":{"line":17,"column":null}},"12":{"start":{"line":18,"column":4},"end":{"line":18,"column":null}},"13":{"start":{"line":20,"column":4},"end":{"line":20,"column":null}},"14":{"start":{"line":14,"column":13},"end":{"line":14,"column":24}},"15":{"start":{"line":24,"column":29},"end":{"line":32,"column":1}},"16":{"start":{"line":25,"column":2},"end":{"line":31,"column":3}},"17":{"start":{"line":26,"column":18},"end":{"line":26,"column":53}},"18":{"start":{"line":26,"column":38},"end":{"line":26,"column":52}},"19":{"start":{"line":27,"column":22},"end":{"line":27,"column":44}},"20":{"start":{"line":28,"column":4},"end":{"line":28,"column":null}},"21":{"start":{"line":28,"column":37},"end":{"line":28,"column":56}},"22":{"start":{"line":30,"column":4},"end":{"line":30,"column":null}},"23":{"start":{"line":24,"column":13},"end":{"line":24,"column":29}},"24":{"start":{"line":34,"column":28},"end":{"line":42,"column":1}},"25":{"start":{"line":35,"column":2},"end":{"line":41,"column":3}},"26":{"start":{"line":36,"column":21},"end":{"line":36,"column":89}},"27":{"start":{"line":37,"column":4},"end":{"line":37,"column":null}},"28":{"start":{"line":38,"column":4},"end":{"line":38,"column":null}},"29":{"start":{"line":40,"column":4},"end":{"line":40,"column":null}},"30":{"start":{"line":34,"column":13},"end":{"line":34,"column":28}}},"fnMap":{"0":{"name":"(anonymous_1)","decl":{"start":{"line":5,"column":26},"end":{"line":5,"column":31}},"loc":{"start":{"line":5,"column":56},"end":{"line":12,"column":1}}},"1":{"name":"(anonymous_2)","decl":{"start":{"line":14,"column":24},"end":{"line":14,"column":29}},"loc":{"start":{"line":14,"column":34},"end":{"line":22,"column":1}}},"2":{"name":"(anonymous_3)","decl":{"start":{"line":24,"column":29},"end":{"line":24,"column":34}},"loc":{"start":{"line":24,"column":76},"end":{"line":32,"column":1}}},"3":{"name":"(anonymous_4)","decl":{"start":{"line":26,"column":31},"end":{"line":26,"column":34}},"loc":{"start":{"line":26,"column":38},"end":{"line":26,"column":52}}},"4":{"name":"(anonymous_5)","decl":{"start":{"line":28,"column":25},"end":{"line":28,"column":33}},"loc":{"start":{"line":28,"column":37},"end":{"line":28,"column":56}}},"5":{"name":"(anonymous_6)","decl":{"start":{"line":34,"column":28},"end":{"line":34,"column":33}},"loc":{"start":{"line":34,"column":57},"end":{"line":42,"column":1}}}},"branchMap":{},"s":{"0":1,"1":1,"2":1,"3":0,"4":0,"5":0,"6":0,"7":1,"8":1,"9":0,"10":0,"11":0,"12":0,"13":0,"14":1,"15":1,"16":0,"17":0,"18":0,"19":0,"20":0,"21":0,"22":0,"23":1,"24":1,"25":0,"26":0,"27":0,"28":0,"29":0,"30":1},"f":{"0":0,"1":0,"2":0,"3":0,"4":0,"5":0},"b":{}}
,"C:\\Users\\anusk\\Desktop\\Cursos dev\\Pruebas técnicas\\yuki-technical-test\\src\\components\\HelloWorld.vue": {"path":"C:\\Users\\anusk\\Desktop\\Cursos dev\\Pruebas técnicas\\yuki-technical-test\\src\\components\\HelloWorld.vue","statementMap":{"0":{"start":{"line":3,"column":0},"end":{"line":5,"column":3}},"1":{"start":{"line":6,"column":12},"end":{"line":6,"column":26}},"2":{"start":{"line":7,"column":12},"end":{"line":7,"column":26}},"3":{"start":{"line":8,"column":0},"end":{"line":29,"column":3}},"4":{"start":{"line":17,"column":19},"end":{"line":17,"column":28}},"5":{"start":{"line":18,"column":4},"end":{"line":18,"column":15}},"6":{"start":{"line":19,"column":16},"end":{"line":19,"column":33}},"7":{"start":{"line":20,"column":23},"end":{"line":22,"column":5}},"8":{"start":{"line":23,"column":4},"end":{"line":26,"column":7}},"9":{"start":{"line":27,"column":4},"end":{"line":27,"column":24}},"10":{"start":{"line":31,"column":0},"end":{"line":31,"column":62}},"11":{"start":{"line":32,"column":0},"end":{"line":32,"column":24}},"12":{"start":{"line":33,"column":12},"end":{"line":33,"column":26}},"13":{"start":{"line":34,"column":17},"end":{"line":34,"column":34}},"14":{"start":{"line":35,"column":31},"end":{"line":39,"column":20}},"15":{"start":{"line":40,"column":31},"end":{"line":47,"column":20}},"16":{"start":{"line":48,"column":31},"end":{"line":55,"column":20}},"17":{"start":{"line":56,"column":31},"end":{"line":56,"column":160}},"18":{"start":{"line":58,"column":4},"end":{"line":70,"column":34}},"19":{"start":{"line":63,"column":71},"end":{"line":63,"column":95}},"20":{"start":{"line":72,"column":0},"end":{"line":72,"column":24}},"21":{"start":{"line":73,"column":1},"end":{"line":73,"column":48}}},"fnMap":{"0":{"name":"(anonymous_0)","decl":{"start":{"line":16,"column":9},"end":{"line":16,"column":10}},"loc":{"start":{"line":16,"column":32},"end":{"line":28,"column":3}},"line":16},"1":{"name":"render","decl":{"start":{"line":57,"column":9},"end":{"line":57,"column":15}},"loc":{"start":{"line":57,"column":63},"end":{"line":71,"column":1}},"line":57},"2":{"name":"(anonymous_2)","decl":{"start":{"line":63,"column":51},"end":{"line":63,"column":52}},"loc":{"start":{"line":63,"column":69},"end":{"line":63,"column":97}},"line":63}},"branchMap":{"0":{"loc":{"start":{"line":63,"column":25},"end":{"line":63,"column":98}},"type":"binary-expr","locations":[{"start":{"line":63,"column":25},"end":{"line":63,"column":34}},{"start":{"line":63,"column":39},"end":{"line":63,"column":97}}],"line":63}},"s":{"0":1,"1":1,"2":1,"3":1,"4":1,"5":1,"6":1,"7":1,"8":1,"9":1,"10":1,"11":1,"12":1,"13":1,"14":1,"15":1,"16":1,"17":1,"18":1,"19":0,"20":1,"21":1},"f":{"0":1,"1":1,"2":0},"b":{"0":[1,1]},"inputSourceMap":{"0":"{","1":"\"","2":"v","3":"e","4":"r","5":"s","6":"i","7":"o","8":"n","9":"\"","10":":","11":"3","12":",","13":"\"","14":"s","15":"o","16":"u","17":"r","18":"c","19":"e","20":"s","21":"\"","22":":","23":"[","24":"\"","25":"C","26":":","27":"/","28":"U","29":"s","30":"e","31":"r","32":"s","33":"/","34":"a","35":"n","36":"u","37":"s","38":"k","39":"/","40":"D","41":"e","42":"s","43":"k","44":"t","45":"o","46":"p","47":"/","48":"C","49":"u","50":"r","51":"s","52":"o","53":"s","54":" ","55":"d","56":"e","57":"v","58":"/","59":"P","60":"r","61":"u","62":"e","63":"b","64":"a","65":"s","66":" ","67":"t","68":"é","69":"c","70":"n","71":"i","72":"c","73":"a","74":"s","75":"/","76":"y","77":"u","78":"k","79":"i","80":"-","81":"t","82":"e","83":"c","84":"h","85":"n","86":"i","87":"c","88":"a","89":"l","90":"-","91":"t","92":"e","93":"s","94":"t","95":"/","96":"s","97":"r","98":"c","99":"/","100":"c","101":"o","102":"m","103":"p","104":"o","105":"n","106":"e","107":"n","108":"t","109":"s","110":"/","111":"H","112":"e","113":"l","114":"l","115":"o","116":"W","117":"o","118":"r","119":"l","120":"d","121":".","122":"v","123":"u","124":"e","125":"\"","126":"]","127":",","128":"\"","129":"n","130":"a","131":"m","132":"e","133":"s","134":"\"","135":":","136":"[","137":"]","138":",","139":"\"","140":"m","141":"a","142":"p","143":"p","144":"i","145":"n","146":"g","147":"s","148":"\"","149":":","150":"\"","151":";","152":";","153":"A","154":"A","155":"C","156":"A","157":",","158":"M","159":"A","160":"A","161":"M","162":",","163":"C","164":"A","165":"A","166":"C","167":",","168":"c","169":"A","170":"A","171":"c","172":",","173":"C","174":"A","175":"A","176":"C","177":",","178":"O","179":"A","180":"A","181":"O","182":",","183":"E","184":"A","185":"A","186":"E","187":",","188":"Y","189":"A","190":"A","191":"Y","192":",","193":"E","194":"A","195":"A","196":"E","197":";","198":"E","199":"A","200":"A","201":"E","202":",","203":"K","204":"A","205":"A","206":"K","207":",","208":"E","209":"A","210":"A","211":"E","212":";","213":"A","214":"A","215":"A","216":"K","217":",","218":"C","219":"A","220":"A","221":"C","222":",","223":"C","224":"A","225":"A","226":"C","227":";","228":"A","229":"A","230":"C","231":"7","232":"D","233":",","234":"I","235":"A","236":"A","237":"I","238":",","239":"K","240":"A","241":"A","242":"K","243":",","244":"G","245":"A","246":"A","247":"G","248":",","249":"O","250":"A","251":"A","252":"O","253":",","254":"C","255":"A","256":"A","257":"C","258":",","259":"K","260":"A","261":"A","262":"K","263":",","264":"C","265":"A","266":"A","267":"C","268":";","269":";","270":";","271":";","272":";","273":";","274":";","275":";","276":";","277":";","278":";","279":";","280":"I","281":"A","282":"F","283":"l","284":"B","285":",","286":"Q","287":"A","288":"A","289":"Q","290":",","291":"C","292":"A","293":"A","294":"C","295":",","296":"C","297":"A","298":"A","299":"C","300":";","301":"I","302":"A","303":"G","304":"V","305":",","306":"I","307":"A","308":"A","309":"I","310":",","311":"K","312":"A","313":"A","314":"K","315":",","316":"G","317":"A","318":"A","319":"G","320":",","321":"C","322":"A","323":"A","324":"C","325":",","326":"C","327":"A","328":"A","329":"C","330":",","331":"E","332":"A","333":"A","334":"E","335":",","336":"K","337":"A","338":"A","339":"K","340":",","341":"C","342":"A","343":"A","344":"C","345":",","346":"G","347":"A","348":"A","349":"G","350":",","351":"E","352":"A","353":"A","354":"E","355":",","356":"C","357":"A","358":"A","359":"C","360":",","361":"C","362":"A","363":"A","364":"C","365":";","366":"I","367":"A","368":"C","369":"7","370":"B","371":",","372":"I","373":"A","374":"A","375":"I","376":",","377":"Y","378":"A","379":"A","380":"Y","381":",","382":"G","383":"A","384":"A","385":"G","386":";","387":"M","388":"A","389":"A","390":"E","391":",","392":"K","393":"A","394":"A","395":"K","396":",","397":"E","398":"A","399":"A","400":"E","401":";","402":"I","403":"A","404":"A","405":"M","406":",","407":"C","408":"A","409":"A","410":"C","411":";","412":"I","413":"A","414":"C","415":"n","416":"C","417":",","418":"M","419":"A","420":"A","421":"M","422":",","423":"C","424":"A","425":"A","426":"C","427":",","428":"c","429":"A","430":"A","431":"c","432":",","433":"C","434":"A","435":"A","436":"C","437":",","438":"Y","439":"A","440":"A","441":"Y","442":",","443":"E","444":"A","445":"A","446":"E","447":",","448":"i","449":"B","450":"A","451":"A","452":"i","453":"B","454":",","455":"E","456":"A","457":"A","458":"E","459":";","460":"M","461":"A","462":"A","463":"E","464":",","465":"U","466":"A","467":"A","468":"U","469":",","470":"E","471":"A","472":"A","473":"E","474":",","475":"K","476":"A","477":"A","478":"K","479":";","480":"M","481":"A","482":"A","483":"E","484":",","485":"K","486":"A","487":"A","488":"K","489":",","490":"E","491":"A","492":"A","493":"E","494":";","495":"I","496":"A","497":"A","498":"K","499":",","500":"C","501":"A","502":"A","503":"C","504":",","505":"C","506":"A","507":"A","508":"C","509":"\"","510":",","511":"\"","512":"f","513":"i","514":"l","515":"e","516":"\"","517":":","518":"\"","519":"C","520":":","521":"\\","522":"\\","523":"U","524":"s","525":"e","526":"r","527":"s","528":"\\","529":"\\","530":"a","531":"n","532":"u","533":"s","534":"k","535":"\\","536":"\\","537":"D","538":"e","539":"s","540":"k","541":"t","542":"o","543":"p","544":"\\","545":"\\","546":"C","547":"u","548":"r","549":"s","550":"o","551":"s","552":" ","553":"d","554":"e","555":"v","556":"\\","557":"\\","558":"P","559":"r","560":"u","561":"e","562":"b","563":"a","564":"s","565":" ","566":"t","567":"é","568":"c","569":"n","570":"i","571":"c","572":"a","573":"s","574":"\\","575":"\\","576":"y","577":"u","578":"k","579":"i","580":"-","581":"t","582":"e","583":"c","584":"h","585":"n","586":"i","587":"c","588":"a","589":"l","590":"-","591":"t","592":"e","593":"s","594":"t","595":"\\","596":"\\","597":"s","598":"r","599":"c","600":"\\","601":"\\","602":"c","603":"o","604":"m","605":"p","606":"o","607":"n","608":"e","609":"n","610":"t","611":"s","612":"\\","613":"\\","614":"H","615":"e","616":"l","617":"l","618":"o","619":"W","620":"o","621":"r","622":"l","623":"d","624":".","625":"v","626":"u","627":"e","628":"\"","629":",","630":"\"","631":"s","632":"o","633":"u","634":"r","635":"c","636":"e","637":"s","638":"C","639":"o","640":"n","641":"t","642":"e","643":"n","644":"t","645":"\"","646":":","647":"[","648":"\"","649":"<","650":"s","651":"c","652":"r","653":"i","654":"p","655":"t","656":" ","657":"s","658":"e","659":"t","660":"u","661":"p","662":" ","663":"l","664":"a","665":"n","666":"g","667":"=","668":"\\","669":"\"","670":"t","671":"s","672":"\\","673":"\"","674":">","675":"\\","676":"n","677":"i","678":"m","679":"p","680":"o","681":"r","682":"t","683":" ","684":"{","685":" ","686":"r","687":"e","688":"f","689":" ","690":"}","691":" ","692":"f","693":"r","694":"o","695":"m","696":" ","697":"'","698":"v","699":"u","700":"e","701":"'","702":"\\","703":"n","704":"\\","705":"n","706":"d","707":"e","708":"f","709":"i","710":"n","711":"e","712":"P","713":"r","714":"o","715":"p","716":"s","717":"<","718":"{","719":" ","720":"m","721":"s","722":"g","723":":","724":" ","725":"s","726":"t","727":"r","728":"i","729":"n","730":"g","731":" ","732":"}","733":">","734":"(","735":")","736":"\\","737":"n","738":"\\","739":"n","740":"c","741":"o","742":"n","743":"s","744":"t","745":" ","746":"c","747":"o","748":"u","749":"n","750":"t","751":" ","752":"=","753":" ","754":"r","755":"e","756":"f","757":"(","758":"0","759":")","760":"\\","761":"n","762":"<","763":"/","764":"s","765":"c","766":"r","767":"i","768":"p","769":"t","770":">","771":"\\","772":"n","773":"\\","774":"n","775":"<","776":"t","777":"e","778":"m","779":"p","780":"l","781":"a","782":"t","783":"e","784":">","785":"\\","786":"n","787":" ","788":" ","789":"<","790":"h","791":"1","792":">","793":"{","794":"{","795":" ","796":"m","797":"s","798":"g","799":" ","800":"}","801":"}","802":"<","803":"/","804":"h","805":"1","806":">","807":"\\","808":"n","809":"\\","810":"n","811":" ","812":" ","813":"<","814":"d","815":"i","816":"v","817":" ","818":"c","819":"l","820":"a","821":"s","822":"s","823":"=","824":"\\","825":"\"","826":"c","827":"a","828":"r","829":"d","830":"\\","831":"\"","832":">","833":"\\","834":"n","835":" ","836":" ","837":" ","838":" ","839":"<","840":"b","841":"u","842":"t","843":"t","844":"o","845":"n","846":" ","847":"t","848":"y","849":"p","850":"e","851":"=","852":"\\","853":"\"","854":"b","855":"u","856":"t","857":"t","858":"o","859":"n","860":"\\","861":"\"","862":" ","863":"@","864":"c","865":"l","866":"i","867":"c","868":"k","869":"=","870":"\\","871":"\"","872":"c","873":"o","874":"u","875":"n","876":"t","877":"+","878":"+","879":"\\","880":"\"","881":">","882":"c","883":"o","884":"u","885":"n","886":"t","887":" ","888":"i","889":"s","890":" ","891":"{","892":"{","893":" ","894":"c","895":"o","896":"u","897":"n","898":"t","899":" ","900":"}","901":"}","902":"<","903":"/","904":"b","905":"u","906":"t","907":"t","908":"o","909":"n","910":">","911":"\\","912":"n","913":" ","914":" ","915":" ","916":" ","917":"<","918":"p","919":">","920":"\\","921":"n","922":" ","923":" ","924":" ","925":" ","926":" ","927":" ","928":"E","929":"d","930":"i","931":"t","932":"\\","933":"n","934":" ","935":" ","936":" ","937":" ","938":" ","939":" ","940":"<","941":"c","942":"o","943":"d","944":"e","945":">","946":"c","947":"o","948":"m","949":"p","950":"o","951":"n","952":"e","953":"n","954":"t","955":"s","956":"/","957":"H","958":"e","959":"l","960":"l","961":"o","962":"W","963":"o","964":"r","965":"l","966":"d","967":".","968":"v","969":"u","970":"e","971":"<","972":"/","973":"c","974":"o","975":"d","976":"e","977":">","978":" ","979":"t","980":"o","981":" ","982":"t","983":"e","984":"s","985":"t","986":" ","987":"H","988":"M","989":"R","990":"\\","991":"n","992":" ","993":" ","994":" ","995":" ","996":"<","997":"/","998":"p","999":">","1000":"\\","1001":"n","1002":" ","1003":" ","1004":"<","1005":"/","1006":"d","1007":"i","1008":"v","1009":">","1010":"\\","1011":"n","1012":"\\","1013":"n","1014":" ","1015":" ","1016":"<","1017":"p","1018":">","1019":"\\","1020":"n","1021":" ","1022":" ","1023":" ","1024":" ","1025":"C","1026":"h","1027":"e","1028":"c","1029":"k","1030":" ","1031":"o","1032":"u","1033":"t","1034":"\\","1035":"n","1036":" ","1037":" ","1038":" ","1039":" ","1040":"<","1041":"a","1042":" ","1043":"h","1044":"r","1045":"e","1046":"f","1047":"=","1048":"\\","1049":"\"","1050":"h","1051":"t","1052":"t","1053":"p","1054":"s","1055":":","1056":"/","1057":"/","1058":"v","1059":"u","1060":"e","1061":"j","1062":"s","1063":".","1064":"o","1065":"r","1066":"g","1067":"/","1068":"g","1069":"u","1070":"i","1071":"d","1072":"e","1073":"/","1074":"q","1075":"u","1076":"i","1077":"c","1078":"k","1079":"-","1080":"s","1081":"t","1082":"a","1083":"r","1084":"t","1085":".","1086":"h","1087":"t","1088":"m","1089":"l","1090":"#","1091":"l","1092":"o","1093":"c","1094":"a","1095":"l","1096":"\\","1097":"\"","1098":" ","1099":"t","1100":"a","1101":"r","1102":"g","1103":"e","1104":"t","1105":"=","1106":"\\","1107":"\"","1108":"_","1109":"b","1110":"l","1111":"a","1112":"n","1113":"k","1114":"\\","1115":"\"","1116":"\\","1117":"n","1118":" ","1119":" ","1120":" ","1121":" ","1122":" ","1123":" ","1124":">","1125":"c","1126":"r","1127":"e","1128":"a","1129":"t","1130":"e","1131":"-","1132":"v","1133":"u","1134":"e","1135":"<","1136":"/","1137":"a","1138":"\\","1139":"n","1140":" ","1141":" ","1142":" ","1143":" ","1144":">","1145":",","1146":" ","1147":"t","1148":"h","1149":"e","1150":" ","1151":"o","1152":"f","1153":"f","1154":"i","1155":"c","1156":"i","1157":"a","1158":"l","1159":" ","1160":"V","1161":"u","1162":"e","1163":" ","1164":"+","1165":" ","1166":"V","1167":"i","1168":"t","1169":"e","1170":" ","1171":"s","1172":"t","1173":"a","1174":"r","1175":"t","1176":"e","1177":"r","1178":"\\","1179":"n","1180":" ","1181":" ","1182":"<","1183":"/","1184":"p","1185":">","1186":"\\","1187":"n","1188":" ","1189":" ","1190":"<","1191":"p","1192":">","1193":"\\","1194":"n","1195":" ","1196":" ","1197":" ","1198":" ","1199":"I","1200":"n","1201":"s","1202":"t","1203":"a","1204":"l","1205":"l","1206":"\\","1207":"n","1208":" ","1209":" ","1210":" ","1211":" ","1212":"<","1213":"a","1214":" ","1215":"h","1216":"r","1217":"e","1218":"f","1219":"=","1220":"\\","1221":"\"","1222":"h","1223":"t","1224":"t","1225":"p","1226":"s","1227":":","1228":"/","1229":"/","1230":"g","1231":"i","1232":"t","1233":"h","1234":"u","1235":"b","1236":".","1237":"c","1238":"o","1239":"m","1240":"/","1241":"v","1242":"u","1243":"e","1244":"j","1245":"s","1246":"/","1247":"l","1248":"a","1249":"n","1250":"g","1251":"u","1252":"a","1253":"g","1254":"e","1255":"-","1256":"t","1257":"o","1258":"o","1259":"l","1260":"s","1261":"\\","1262":"\"","1263":" ","1264":"t","1265":"a","1266":"r","1267":"g","1268":"e","1269":"t","1270":"=","1271":"\\","1272":"\"","1273":"_","1274":"b","1275":"l","1276":"a","1277":"n","1278":"k","1279":"\\","1280":"\"","1281":">","1282":"V","1283":"o","1284":"l","1285":"a","1286":"r","1287":"<","1288":"/","1289":"a","1290":">","1291":"\\","1292":"n","1293":" ","1294":" ","1295":" ","1296":" ","1297":"i","1298":"n","1299":" ","1300":"y","1301":"o","1302":"u","1303":"r","1304":" ","1305":"I","1306":"D","1307":"E","1308":" ","1309":"f","1310":"o","1311":"r","1312":" ","1313":"a","1314":" ","1315":"b","1316":"e","1317":"t","1318":"t","1319":"e","1320":"r","1321":" ","1322":"D","1323":"X","1324":"\\","1325":"n","1326":" ","1327":" ","1328":"<","1329":"/","1330":"p","1331":">","1332":"\\","1333":"n","1334":" ","1335":" ","1336":"<","1337":"p","1338":" ","1339":"c","1340":"l","1341":"a","1342":"s","1343":"s","1344":"=","1345":"\\","1346":"\"","1347":"r","1348":"e","1349":"a","1350":"d","1351":"-","1352":"t","1353":"h","1354":"e","1355":"-","1356":"d","1357":"o","1358":"c","1359":"s","1360":"\\","1361":"\"","1362":">","1363":"C","1364":"l","1365":"i","1366":"c","1367":"k","1368":" ","1369":"o","1370":"n","1371":" ","1372":"t","1373":"h","1374":"e","1375":" ","1376":"V","1377":"i","1378":"t","1379":"e","1380":" ","1381":"a","1382":"n","1383":"d","1384":" ","1385":"V","1386":"u","1387":"e","1388":" ","1389":"l","1390":"o","1391":"g","1392":"o","1393":"s","1394":" ","1395":"t","1396":"o","1397":" ","1398":"l","1399":"e","1400":"a","1401":"r","1402":"n","1403":" ","1404":"m","1405":"o","1406":"r","1407":"e","1408":"<","1409":"/","1410":"p","1411":">","1412":"\\","1413":"n","1414":"<","1415":"/","1416":"t","1417":"e","1418":"m","1419":"p","1420":"l","1421":"a","1422":"t","1423":"e","1424":">","1425":"\\","1426":"n","1427":"\\","1428":"n","1429":"<","1430":"s","1431":"t","1432":"y","1433":"l","1434":"e","1435":" ","1436":"s","1437":"c","1438":"o","1439":"p","1440":"e","1441":"d","1442":">","1443":"\\","1444":"n","1445":".","1446":"r","1447":"e","1448":"a","1449":"d","1450":"-","1451":"t","1452":"h","1453":"e","1454":"-","1455":"d","1456":"o","1457":"c","1458":"s","1459":" ","1460":"{","1461":"\\","1462":"n","1463":" ","1464":" ","1465":"c","1466":"o","1467":"l","1468":"o","1469":"r","1470":":","1471":" ","1472":"#","1473":"8","1474":"8","1475":"8","1476":";","1477":"\\","1478":"n","1479":"}","1480":"\\","1481":"n","1482":"<","1483":"/","1484":"s","1485":"t","1486":"y","1487":"l","1488":"e","1489":">","1490":"\\","1491":"n","1492":"\"","1493":"]","1494":"}"},"_coverageSchema":"1a1c01bbd47fc00a2c39e90264f33305004495a9","hash":"8d7d5362e3a65459fc7c68849104596a91acc032"}
,"C:\\Users\\anusk\\Desktop\\Cursos dev\\Pruebas técnicas\\yuki-technical-test\\src\\components\\PlanetDetails.vue": {"path":"C:\\Users\\anusk\\Desktop\\Cursos dev\\Pruebas técnicas\\yuki-technical-test\\src\\components\\PlanetDetails.vue","statementMap":{"0":{"start":{"line":3,"column":15},"end":{"line":12,"column":1}},"1":{"start":{"line":4,"column":2},"end":{"line":10,"column":4}},"2":{"start":{"line":5,"column":4},"end":{"line":8,"column":5}},"3":{"start":{"line":5,"column":20},"end":{"line":5,"column":21}},"4":{"start":{"line":5,"column":27},"end":{"line":5,"column":43}},"5":{"start":{"line":6,"column":6},"end":{"line":6,"column":23}},"6":{"start":{"line":7,"column":6},"end":{"line":7,"column":83}},"7":{"start":{"line":7,"column":23},"end":{"line":7,"column":83}},"8":{"start":{"line":7,"column":71},"end":{"line":7,"column":83}},"9":{"start":{"line":9,"column":4},"end":{"line":9,"column":13}},"10":{"start":{"line":11,"column":2},"end":{"line":11,"column":41}},"11":{"start":{"line":13,"column":16},"end":{"line":39,"column":1}},"12":{"start":{"line":15,"column":4},"end":{"line":17,"column":7}},"13":{"start":{"line":16,"column":6},"end":{"line":16,"column":21}},"14":{"start":{"line":19,"column":2},"end":{"line":38,"column":5}},"15":{"start":{"line":21,"column":6},"end":{"line":25,"column":7}},"16":{"start":{"line":22,"column":8},"end":{"line":22,"column":36}},"17":{"start":{"line":24,"column":8},"end":{"line":24,"column":18}},"18":{"start":{"line":28,"column":6},"end":{"line":32,"column":7}},"19":{"start":{"line":29,"column":8},"end":{"line":29,"column":40}},"20":{"start":{"line":31,"column":8},"end":{"line":31,"column":18}},"21":{"start":{"line":35,"column":6},"end":{"line":35,"column":90}},"22":{"start":{"line":37,"column":4},"end":{"line":37,"column":74}},"23":{"start":{"line":40,"column":18},"end":{"line":127,"column":1}},"24":{"start":{"line":41,"column":10},"end":{"line":49,"column":5}},"25":{"start":{"line":44,"column":8},"end":{"line":44,"column":33}},"26":{"start":{"line":44,"column":22},"end":{"line":44,"column":33}},"27":{"start":{"line":45,"column":8},"end":{"line":45,"column":20}},"28":{"start":{"line":54,"column":2},"end":{"line":60,"column":8}},"29":{"start":{"line":59,"column":4},"end":{"line":59,"column":16}},"30":{"start":{"line":62,"column":4},"end":{"line":64,"column":6}},"31":{"start":{"line":63,"column":6},"end":{"line":63,"column":26}},"32":{"start":{"line":67,"column":4},"end":{"line":67,"column":66}},"33":{"start":{"line":67,"column":11},"end":{"line":67,"column":66}},"34":{"start":{"line":68,"column":4},"end":{"line":120,"column":5}},"35":{"start":{"line":68,"column":46},"end":{"line":120,"column":5}},"36":{"start":{"line":69,"column":6},"end":{"line":69,"column":163}},"37":{"start":{"line":69,"column":154},"end":{"line":69,"column":163}},"38":{"start":{"line":70,"column":6},"end":{"line":70,"column":46}},"39":{"start":{"line":70,"column":20},"end":{"line":70,"column":46}},"40":{"start":{"line":71,"column":6},"end":{"line":113,"column":7}},"41":{"start":{"line":74,"column":10},"end":{"line":74,"column":17}},"42":{"start":{"line":75,"column":10},"end":{"line":75,"column":16}},"43":{"start":{"line":77,"column":10},"end":{"line":77,"column":20}},"44":{"start":{"line":78,"column":10},"end":{"line":81,"column":12}},"45":{"start":{"line":83,"column":10},"end":{"line":83,"column":20}},"46":{"start":{"line":84,"column":10},"end":{"line":84,"column":20}},"47":{"start":{"line":85,"column":10},"end":{"line":85,"column":19}},"48":{"start":{"line":86,"column":10},"end":{"line":86,"column":19}},"49":{"start":{"line":88,"column":10},"end":{"line":88,"column":27}},"50":{"start":{"line":89,"column":10},"end":{"line":89,"column":23}},"51":{"start":{"line":90,"column":10},"end":{"line":90,"column":19}},"52":{"start":{"line":92,"column":10},"end":{"line":95,"column":11}},"53":{"start":{"line":93,"column":12},"end":{"line":93,"column":18}},"54":{"start":{"line":94,"column":12},"end":{"line":94,"column":21}},"55":{"start":{"line":96,"column":10},"end":{"line":99,"column":11}},"56":{"start":{"line":97,"column":12},"end":{"line":97,"column":28}},"57":{"start":{"line":98,"column":12},"end":{"line":98,"column":18}},"58":{"start":{"line":100,"column":10},"end":{"line":104,"column":11}},"59":{"start":{"line":101,"column":12},"end":{"line":101,"column":27}},"60":{"start":{"line":102,"column":12},"end":{"line":102,"column":19}},"61":{"start":{"line":103,"column":12},"end":{"line":103,"column":18}},"62":{"start":{"line":105,"column":10},"end":{"line":109,"column":11}},"63":{"start":{"line":106,"column":12},"end":{"line":106,"column":27}},"64":{"start":{"line":107,"column":12},"end":{"line":107,"column":27}},"65":{"start":{"line":108,"column":12},"end":{"line":108,"column":18}},"66":{"start":{"line":110,"column":10},"end":{"line":110,"column":32}},"67":{"start":{"line":110,"column":20},"end":{"line":110,"column":32}},"68":{"start":{"line":111,"column":10},"end":{"line":111,"column":23}},"69":{"start":{"line":112,"column":10},"end":{"line":112,"column":19}},"70":{"start":{"line":114,"column":6},"end":{"line":114,"column":33}},"71":{"start":{"line":116,"column":6},"end":{"line":116,"column":18}},"72":{"start":{"line":117,"column":6},"end":{"line":117,"column":12}},"73":{"start":{"line":119,"column":6},"end":{"line":119,"column":16}},"74":{"start":{"line":121,"column":4},"end":{"line":121,"column":31}},"75":{"start":{"line":121,"column":19},"end":{"line":121,"column":31}},"76":{"start":{"line":122,"column":4},"end":{"line":125,"column":6}},"77":{"start":{"line":128,"column":0},"end":{"line":130,"column":3}},"78":{"start":{"line":131,"column":12},"end":{"line":131,"column":26}},"79":{"start":{"line":132,"column":12},"end":{"line":132,"column":26}},"80":{"start":{"line":133,"column":22},"end":{"line":133,"column":63}},"81":{"start":{"line":134,"column":18},"end":{"line":136,"column":1}},"82":{"start":{"line":137,"column":0},"end":{"line":175,"column":4}},"83":{"start":{"line":145,"column":16},"end":{"line":145,"column":20}},"84":{"start":{"line":146,"column":19},"end":{"line":146,"column":28}},"85":{"start":{"line":147,"column":4},"end":{"line":147,"column":15}},"86":{"start":{"line":148,"column":16},"end":{"line":148,"column":23}},"87":{"start":{"line":149,"column":21},"end":{"line":149,"column":39}},"88":{"start":{"line":150,"column":4},"end":{"line":164,"column":7}},"89":{"start":{"line":151,"column":6},"end":{"line":163,"column":9}},"90":{"start":{"line":153,"column":8},"end":{"line":162,"column":11}},"91":{"start":{"line":154,"column":10},"end":{"line":161,"column":11}},"92":{"start":{"line":156,"column":14},"end":{"line":156,"column":30}},"93":{"start":{"line":157,"column":14},"end":{"line":157,"column":91}},"94":{"start":{"line":159,"column":14},"end":{"line":159,"column":35}},"95":{"start":{"line":160,"column":14},"end":{"line":160,"column":36}},"96":{"start":{"line":165,"column":23},"end":{"line":168,"column":5}},"97":{"start":{"line":169,"column":4},"end":{"line":172,"column":7}},"98":{"start":{"line":173,"column":4},"end":{"line":173,"column":24}},"99":{"start":{"line":177,"column":0},"end":{"line":177,"column":62}},"100":{"start":{"line":178,"column":0},"end":{"line":178,"column":24}},"101":{"start":{"line":179,"column":12},"end":{"line":179,"column":26}},"102":{"start":{"line":180,"column":17},"end":{"line":180,"column":34}},"103":{"start":{"line":181,"column":17},"end":{"line":181,"column":79}},"104":{"start":{"line":182,"column":17},"end":{"line":182,"column":57}},"105":{"start":{"line":183,"column":31},"end":{"line":183,"column":120}},"106":{"start":{"line":185,"column":4},"end":{"line":195,"column":8}},"107":{"start":{"line":189,"column":16},"end":{"line":192,"column":20}},"108":{"start":{"line":197,"column":0},"end":{"line":197,"column":24}},"109":{"start":{"line":198,"column":1},"end":{"line":198,"column":48}}},"fnMap":{"0":{"name":"(anonymous_0)","decl":{"start":{"line":3,"column":40},"end":{"line":3,"column":41}},"loc":{"start":{"line":3,"column":52},"end":{"line":12,"column":1}},"line":3},"1":{"name":"(anonymous_1)","decl":{"start":{"line":4,"column":30},"end":{"line":4,"column":31}},"loc":{"start":{"line":4,"column":43},"end":{"line":10,"column":3}},"line":4},"2":{"name":"(anonymous_2)","decl":{"start":{"line":13,"column":42},"end":{"line":13,"column":43}},"loc":{"start":{"line":13,"column":87},"end":{"line":39,"column":1}},"line":13},"3":{"name":"adopt","decl":{"start":{"line":14,"column":11},"end":{"line":14,"column":16}},"loc":{"start":{"line":14,"column":24},"end":{"line":18,"column":3}},"line":14},"4":{"name":"(anonymous_4)","decl":{"start":{"line":15,"column":46},"end":{"line":15,"column":47}},"loc":{"start":{"line":15,"column":65},"end":{"line":17,"column":5}},"line":15},"5":{"name":"(anonymous_5)","decl":{"start":{"line":19,"column":34},"end":{"line":19,"column":35}},"loc":{"start":{"line":19,"column":61},"end":{"line":38,"column":3}},"line":19},"6":{"name":"fulfilled","decl":{"start":{"line":20,"column":13},"end":{"line":20,"column":22}},"loc":{"start":{"line":20,"column":30},"end":{"line":26,"column":5}},"line":20},"7":{"name":"rejected","decl":{"start":{"line":27,"column":13},"end":{"line":27,"column":21}},"loc":{"start":{"line":27,"column":29},"end":{"line":33,"column":5}},"line":27},"8":{"name":"step","decl":{"start":{"line":34,"column":13},"end":{"line":34,"column":17}},"loc":{"start":{"line":34,"column":26},"end":{"line":36,"column":5}},"line":34},"9":{"name":"(anonymous_9)","decl":{"start":{"line":40,"column":46},"end":{"line":40,"column":47}},"loc":{"start":{"line":40,"column":71},"end":{"line":127,"column":1}},"line":40},"10":{"name":"(anonymous_10)","decl":{"start":{"line":43,"column":12},"end":{"line":43,"column":13}},"loc":{"start":{"line":43,"column":24},"end":{"line":46,"column":7}},"line":43},"11":{"name":"(anonymous_11)","decl":{"start":{"line":58,"column":59},"end":{"line":58,"column":60}},"loc":{"start":{"line":58,"column":71},"end":{"line":60,"column":3}},"line":58},"12":{"name":"verb","decl":{"start":{"line":61,"column":11},"end":{"line":61,"column":15}},"loc":{"start":{"line":61,"column":19},"end":{"line":65,"column":3}},"line":61},"13":{"name":"(anonymous_13)","decl":{"start":{"line":62,"column":11},"end":{"line":62,"column":12}},"loc":{"start":{"line":62,"column":24},"end":{"line":64,"column":5}},"line":62},"14":{"name":"step","decl":{"start":{"line":66,"column":11},"end":{"line":66,"column":15}},"loc":{"start":{"line":66,"column":20},"end":{"line":126,"column":3}},"line":66},"15":{"name":"(anonymous_15)","decl":{"start":{"line":144,"column":9},"end":{"line":144,"column":10}},"loc":{"start":{"line":144,"column":32},"end":{"line":174,"column":3}},"line":144},"16":{"name":"(anonymous_16)","decl":{"start":{"line":150,"column":25},"end":{"line":150,"column":26}},"loc":{"start":{"line":150,"column":37},"end":{"line":164,"column":5}},"line":150},"17":{"name":"(anonymous_17)","decl":{"start":{"line":151,"column":46},"end":{"line":151,"column":47}},"loc":{"start":{"line":151,"column":58},"end":{"line":163,"column":7}},"line":151},"18":{"name":"(anonymous_18)","decl":{"start":{"line":153,"column":33},"end":{"line":153,"column":34}},"loc":{"start":{"line":153,"column":47},"end":{"line":162,"column":9}},"line":153},"19":{"name":"render","decl":{"start":{"line":184,"column":9},"end":{"line":184,"column":15}},"loc":{"start":{"line":184,"column":63},"end":{"line":196,"column":1}},"line":184},"20":{"name":"(anonymous_20)","decl":{"start":{"line":188,"column":134},"end":{"line":188,"column":135}},"loc":{"start":{"line":188,"column":157},"end":{"line":193,"column":13}},"line":188}},"branchMap":{"0":{"loc":{"start":{"line":3,"column":15},"end":{"line":12,"column":1}},"type":"binary-expr","locations":[{"start":{"line":3,"column":15},"end":{"line":3,"column":19}},{"start":{"line":3,"column":23},"end":{"line":3,"column":36}},{"start":{"line":3,"column":40},"end":{"line":12,"column":1}}],"line":3},"1":{"loc":{"start":{"line":4,"column":13},"end":{"line":10,"column":3}},"type":"binary-expr","locations":[{"start":{"line":4,"column":13},"end":{"line":4,"column":26}},{"start":{"line":4,"column":30},"end":{"line":10,"column":3}}],"line":4},"2":{"loc":{"start":{"line":7,"column":23},"end":{"line":7,"column":83}},"type":"if","locations":[{"start":{"line":7,"column":23},"end":{"line":7,"column":83}},{"start":{},"end":{}}],"line":7},"3":{"loc":{"start":{"line":13,"column":16},"end":{"line":39,"column":1}},"type":"binary-expr","locations":[{"start":{"line":13,"column":16},"end":{"line":13,"column":20}},{"start":{"line":13,"column":24},"end":{"line":13,"column":38}},{"start":{"line":13,"column":42},"end":{"line":39,"column":1}}],"line":13},"4":{"loc":{"start":{"line":15,"column":11},"end":{"line":17,"column":6}},"type":"cond-expr","locations":[{"start":{"line":15,"column":32},"end":{"line":15,"column":37}},{"start":{"line":15,"column":40},"end":{"line":17,"column":6}}],"line":15},"5":{"loc":{"start":{"line":19,"column":14},"end":{"line":19,"column":32}},"type":"binary-expr","locations":[{"start":{"line":19,"column":14},"end":{"line":19,"column":15}},{"start":{"line":19,"column":20},"end":{"line":19,"column":31}}],"line":19},"6":{"loc":{"start":{"line":35,"column":6},"end":{"line":35,"column":89}},"type":"cond-expr","locations":[{"start":{"line":35,"column":20},"end":{"line":35,"column":41}},{"start":{"line":35,"column":44},"end":{"line":35,"column":89}}],"line":35},"7":{"loc":{"start":{"line":37,"column":47},"end":{"line":37,"column":63}},"type":"binary-expr","locations":[{"start":{"line":37,"column":47},"end":{"line":37,"column":57}},{"start":{"line":37,"column":61},"end":{"line":37,"column":63}}],"line":37},"8":{"loc":{"start":{"line":40,"column":18},"end":{"line":127,"column":1}},"type":"binary-expr","locations":[{"start":{"line":40,"column":18},"end":{"line":40,"column":22}},{"start":{"line":40,"column":26},"end":{"line":40,"column":42}},{"start":{"line":40,"column":46},"end":{"line":127,"column":1}}],"line":40},"9":{"loc":{"start":{"line":44,"column":8},"end":{"line":44,"column":33}},"type":"if","locations":[{"start":{"line":44,"column":8},"end":{"line":44,"column":33}},{"start":{},"end":{}}],"line":44},"10":{"loc":{"start":{"line":58,"column":5},"end":{"line":60,"column":4}},"type":"binary-expr","locations":[{"start":{"line":58,"column":5},"end":{"line":58,"column":33}},{"start":{"line":58,"column":38},"end":{"line":60,"column":3}}],"line":58},"11":{"loc":{"start":{"line":67,"column":4},"end":{"line":67,"column":66}},"type":"if","locations":[{"start":{"line":67,"column":4},"end":{"line":67,"column":66}},{"start":{},"end":{}}],"line":67},"12":{"loc":{"start":{"line":68,"column":11},"end":{"line":68,"column":41}},"type":"binary-expr","locations":[{"start":{"line":68,"column":11},"end":{"line":68,"column":12}},{"start":{"line":68,"column":17},"end":{"line":68,"column":40}}],"line":68},"13":{"loc":{"start":{"line":68,"column":24},"end":{"line":68,"column":40}},"type":"binary-expr","locations":[{"start":{"line":68,"column":24},"end":{"line":68,"column":29}},{"start":{"line":68,"column":34},"end":{"line":68,"column":39}}],"line":68},"14":{"loc":{"start":{"line":69,"column":6},"end":{"line":69,"column":163}},"type":"if","locations":[{"start":{"line":69,"column":6},"end":{"line":69,"column":163}},{"start":{},"end":{}}],"line":69},"15":{"loc":{"start":{"line":69,"column":17},"end":{"line":69,"column":152}},"type":"binary-expr","locations":[{"start":{"line":69,"column":17},"end":{"line":69,"column":18}},{"start":{"line":69,"column":23},"end":{"line":69,"column":119}},{"start":{"line":69,"column":124},"end":{"line":69,"column":152}}],"line":69},"16":{"loc":{"start":{"line":69,"column":27},"end":{"line":69,"column":119}},"type":"cond-expr","locations":[{"start":{"line":69,"column":39},"end":{"line":69,"column":50}},{"start":{"line":69,"column":53},"end":{"line":69,"column":119}}],"line":69},"17":{"loc":{"start":{"line":69,"column":53},"end":{"line":69,"column":119}},"type":"cond-expr","locations":[{"start":{"line":69,"column":61},"end":{"line":69,"column":110}},{"start":{"line":69,"column":113},"end":{"line":69,"column":119}}],"line":69},"18":{"loc":{"start":{"line":69,"column":61},"end":{"line":69,"column":110}},"type":"binary-expr","locations":[{"start":{"line":69,"column":61},"end":{"line":69,"column":71}},{"start":{"line":69,"column":76},"end":{"line":69,"column":109}}],"line":69},"19":{"loc":{"start":{"line":69,"column":76},"end":{"line":69,"column":106}},"type":"binary-expr","locations":[{"start":{"line":69,"column":77},"end":{"line":69,"column":92}},{"start":{"line":69,"column":97},"end":{"line":69,"column":106}}],"line":69},"20":{"loc":{"start":{"line":70,"column":6},"end":{"line":70,"column":46}},"type":"if","locations":[{"start":{"line":70,"column":6},"end":{"line":70,"column":46}},{"start":{},"end":{}}],"line":70},"21":{"loc":{"start":{"line":71,"column":6},"end":{"line":113,"column":7}},"type":"switch","locations":[{"start":{"line":72,"column":8},"end":{"line":72,"column":15}},{"start":{"line":73,"column":8},"end":{"line":75,"column":16}},{"start":{"line":76,"column":8},"end":{"line":81,"column":12}},{"start":{"line":82,"column":8},"end":{"line":86,"column":19}},{"start":{"line":87,"column":8},"end":{"line":90,"column":19}},{"start":{"line":91,"column":8},"end":{"line":112,"column":19}}],"line":71},"22":{"loc":{"start":{"line":92,"column":10},"end":{"line":95,"column":11}},"type":"if","locations":[{"start":{"line":92,"column":10},"end":{"line":95,"column":11}},{"start":{},"end":{}}],"line":92},"23":{"loc":{"start":{"line":92,"column":14},"end":{"line":92,"column":96}},"type":"binary-expr","locations":[{"start":{"line":92,"column":14},"end":{"line":92,"column":64}},{"start":{"line":92,"column":69},"end":{"line":92,"column":80}},{"start":{"line":92,"column":84},"end":{"line":92,"column":95}}],"line":92},"24":{"loc":{"start":{"line":92,"column":32},"end":{"line":92,"column":63}},"type":"binary-expr","locations":[{"start":{"line":92,"column":32},"end":{"line":92,"column":44}},{"start":{"line":92,"column":48},"end":{"line":92,"column":63}}],"line":92},"25":{"loc":{"start":{"line":96,"column":10},"end":{"line":99,"column":11}},"type":"if","locations":[{"start":{"line":96,"column":10},"end":{"line":99,"column":11}},{"start":{},"end":{}}],"line":96},"26":{"loc":{"start":{"line":96,"column":14},"end":{"line":96,"column":65}},"type":"binary-expr","locations":[{"start":{"line":96,"column":14},"end":{"line":96,"column":25}},{"start":{"line":96,"column":30},"end":{"line":96,"column":32}},{"start":{"line":96,"column":36},"end":{"line":96,"column":48}},{"start":{"line":96,"column":52},"end":{"line":96,"column":64}}],"line":96},"27":{"loc":{"start":{"line":100,"column":10},"end":{"line":104,"column":11}},"type":"if","locations":[{"start":{"line":100,"column":10},"end":{"line":104,"column":11}},{"start":{},"end":{}}],"line":100},"28":{"loc":{"start":{"line":100,"column":14},"end":{"line":100,"column":43}},"type":"binary-expr","locations":[{"start":{"line":100,"column":14},"end":{"line":100,"column":25}},{"start":{"line":100,"column":29},"end":{"line":100,"column":43}}],"line":100},"29":{"loc":{"start":{"line":105,"column":10},"end":{"line":109,"column":11}},"type":"if","locations":[{"start":{"line":105,"column":10},"end":{"line":109,"column":11}},{"start":{},"end":{}}],"line":105},"30":{"loc":{"start":{"line":105,"column":14},"end":{"line":105,"column":33}},"type":"binary-expr","locations":[{"start":{"line":105,"column":14},"end":{"line":105,"column":15}},{"start":{"line":105,"column":19},"end":{"line":105,"column":33}}],"line":105},"31":{"loc":{"start":{"line":110,"column":10},"end":{"line":110,"column":32}},"type":"if","locations":[{"start":{"line":110,"column":10},"end":{"line":110,"column":32}},{"start":{},"end":{}}],"line":110},"32":{"loc":{"start":{"line":121,"column":4},"end":{"line":121,"column":31}},"type":"if","locations":[{"start":{"line":121,"column":4},"end":{"line":121,"column":31}},{"start":{},"end":{}}],"line":121},"33":{"loc":{"start":{"line":123,"column":13},"end":{"line":123,"column":35}},"type":"cond-expr","locations":[{"start":{"line":123,"column":21},"end":{"line":123,"column":26}},{"start":{"line":123,"column":29},"end":{"line":123,"column":35}}],"line":123},"34":{"loc":{"start":{"line":154,"column":10},"end":{"line":161,"column":11}},"type":"switch","locations":[{"start":{"line":155,"column":12},"end":{"line":157,"column":91}},{"start":{"line":158,"column":12},"end":{"line":160,"column":36}}],"line":154}},"s":{"0":1,"1":2,"2":0,"3":0,"4":0,"5":0,"6":0,"7":0,"8":0,"9":0,"10":2,"11":1,"12":1,"13":0,"14":1,"15":1,"16":1,"17":0,"18":0,"19":0,"20":0,"21":2,"22":1,"23":1,"24":1,"25":1,"26":0,"27":1,"28":1,"29":0,"30":3,"31":2,"32":2,"33":0,"34":2,"35":4,"36":4,"37":0,"38":4,"39":0,"40":4,"41":2,"42":2,"43":1,"44":1,"45":0,"46":0,"47":0,"48":0,"49":0,"50":0,"51":0,"52":1,"53":1,"54":1,"55":0,"56":0,"57":0,"58":0,"59":0,"60":0,"61":0,"62":0,"63":0,"64":0,"65":0,"66":0,"67":0,"68":0,"69":0,"70":2,"71":0,"72":0,"73":4,"74":1,"75":0,"76":1,"77":1,"78":1,"79":1,"80":1,"81":1,"82":1,"83":1,"84":1,"85":1,"86":1,"87":1,"88":1,"89":1,"90":1,"91":2,"92":1,"93":1,"94":1,"95":1,"96":1,"97":1,"98":1,"99":1,"100":1,"101":1,"102":1,"103":1,"104":1,"105":1,"106":2,"107":2,"108":1,"109":1},"f":{"0":2,"1":0,"2":1,"3":1,"4":0,"5":1,"6":1,"7":0,"8":2,"9":1,"10":1,"11":0,"12":3,"13":2,"14":2,"15":1,"16":1,"17":1,"18":2,"19":2,"20":2},"b":{"0":[1,1,1],"1":[2,0],"2":[0,0],"3":[1,1,1],"4":[1,0],"5":[1,1],"6":[1,1],"7":[1,1],"8":[1,1,1],"9":[0,1],"10":[1,1],"11":[0,2],"12":[5,1],"13":[1,0],"14":[0,4],"15":[4,0,0],"16":[0,0],"17":[0,0],"18":[0,0],"19":[0,0],"20":[0,4],"21":[2,2,1,0,0,1],"22":[1,0],"23":[1,1,1],"24":[1,0],"25":[0,0],"26":[0,0,0,0],"27":[0,0],"28":[0,0],"29":[0,0],"30":[0,0],"31":[0,0],"32":[0,1],"33":[1,0],"34":[1,1]},"inputSourceMap":{"0":"{","1":"\"","2":"v","3":"e","4":"r","5":"s","6":"i","7":"o","8":"n","9":"\"","10":":","11":"3","12":",","13":"\"","14":"s","15":"o","16":"u","17":"r","18":"c","19":"e","20":"s","21":"\"","22":":","23":"[","24":"\"","25":"C","26":":","27":"/","28":"U","29":"s","30":"e","31":"r","32":"s","33":"/","34":"a","35":"n","36":"u","37":"s","38":"k","39":"/","40":"D","41":"e","42":"s","43":"k","44":"t","45":"o","46":"p","47":"/","48":"C","49":"u","50":"r","51":"s","52":"o","53":"s","54":" ","55":"d","56":"e","57":"v","58":"/","59":"P","60":"r","61":"u","62":"e","63":"b","64":"a","65":"s","66":" ","67":"t","68":"é","69":"c","70":"n","71":"i","72":"c","73":"a","74":"s","75":"/","76":"y","77":"u","78":"k","79":"i","80":"-","81":"t","82":"e","83":"c","84":"h","85":"n","86":"i","87":"c","88":"a","89":"l","90":"-","91":"t","92":"e","93":"s","94":"t","95":"/","96":"s","97":"r","98":"c","99":"/","100":"c","101":"o","102":"m","103":"p","104":"o","105":"n","106":"e","107":"n","108":"t","109":"s","110":"/","111":"P","112":"l","113":"a","114":"n","115":"e","116":"t","117":"D","118":"e","119":"t","120":"a","121":"i","122":"l","123":"s","124":".","125":"v","126":"u","127":"e","128":"\"","129":"]","130":",","131":"\"","132":"n","133":"a","134":"m","135":"e","136":"s","137":"\"","138":":","139":"[","140":"]","141":",","142":"\"","143":"m","144":"a","145":"p","146":"p","147":"i","148":"n","149":"g","150":"s","151":"\"","152":":","153":"\"","154":";","155":";","156":"A","157":"A","158":"m","159":"B","160":"A","161":",","162":"I","163":"A","164":"A","165":"I","166":",","167":"Q","168":"A","169":"A","170":"Q","171":",","172":"G","173":"A","174":"A","175":"I","176":",","177":"I","178":"A","179":"A","180":"I","181":",","182":"I","183":"A","184":"A","185":"I","186":",","187":"I","188":"A","189":"A","190":"I","191":",","192":"C","193":"A","194":"A","195":"C","196":",","197":"Q","198":"A","199":"A","200":"Q","201":",","202":"I","203":"A","204":"A","205":"K","206":",","207":"Y","208":"A","209":"A","210":"Y","211":";","212":"E","213":"A","214":"C","215":"l","216":"D","217":",","218":"Q","219":"A","220":"A","221":"Q","222":",","223":"G","224":"A","225":"A","226":"G","227":",","228":"M","229":"A","230":"A","231":"M","232":",","233":"C","234":"A","235":"A","236":"C","237":",","238":"M","239":"A","240":"A","241":"M","242":",","243":"I","244":"A","245":"A","246":"I","247":",","248":"U","249":"A","250":"A","251":"S","252":",","253":"C","254":"A","255":"A","256":"C","257":",","258":"E","259":"A","260":"A","261":"E","262":";","263":"I","264":"A","265":"C","266":"p","267":"C","268":",","269":"K","270":"A","271":"A","272":"K","273":",","274":"I","275":"A","276":"A","277":"I","278":",","279":"C","280":"A","281":"A","282":"C","283":",","284":"E","285":"A","286":"A","287":"E","288":",","289":"C","290":"A","291":"A","292":"C","293":",","294":"G","295":"A","296":"A","297":"G","298":",","299":"C","300":"A","301":"A","302":"C","303":",","304":"E","305":"A","306":"A","307":"E","308":",","309":"C","310":"A","311":"A","312":"C","313":",","314":"G","315":"A","316":"A","317":"G","318":",","319":"S","320":"A","321":"A","322":"S","323":",","324":"C","325":"A","326":"A","327":"C","328":",","329":"M","330":"A","331":"A","332":"M","333":",","334":"E","335":"A","336":"A","337":"E","338":",","339":"C","340":"A","341":"A","342":"C","343":",","344":"G","345":"A","346":"A","347":"G","348":",","349":"C","350":"A","351":"A","352":"C","353":",","354":"E","355":"A","356":"A","357":"E","358":",","359":"C","360":"A","361":"A","362":"C","363":",","364":"E","365":"A","366":"A","367":"E","368":",","369":"E","370":"A","371":"A","372":"E","373":";","374":"M","375":"A","376":"C","377":"j","378":"D","379":",","380":"C","381":"A","382":"A","383":"C","384":",","385":"G","386":"A","387":"A","388":"G","389":",","390":"S","391":"A","392":"A","393":"S","394":",","395":"C","396":"A","397":"A","398":"C","399":",","400":"C","401":"A","402":"A","403":"C","404":",","405":"C","406":"A","407":"A","408":"C","409":";","410":"M","411":"A","412":"V","413":"h","414":"B","415":",","416":"K","417":"A","418":"A","419":"K","420":",","421":"I","422":"A","423":"A","424":"I","425":",","426":"C","427":"A","428":"A","429":"C","430":",","431":"I","432":"A","433":"A","434":"I","435":",","436":"C","437":"A","438":"A","439":"C","440":",","441":"E","442":"A","443":"A","444":"E","445":",","446":"I","447":"A","448":"A","449":"I","450":",","451":"M","452":"A","453":"A","454":"M","455":",","456":"C","457":"A","458":"A","459":"C","460":",","461":"S","462":"A","463":"A","464":"S","465":",","466":"C","467":"A","468":"A","469":"C","470":",","471":"c","472":"A","473":"A","474":"c","475":",","476":"C","477":"A","478":"A","479":"C","480":",","481":"I","482":"A","483":"A","484":"I","485":",","486":"C","487":"A","488":"A","489":"C","490":",","491":"C","492":"A","493":"A","494":"C","495":",","496":"E","497":"A","498":"A","499":"E","500":",","501":"C","502":"A","503":"A","504":"C","505":",","506":"C","507":"A","508":"A","509":"C","510":",","511":"E","512":"A","513":"C","514":"3","515":"D","516":",","517":"C","518":"A","519":"A","520":"C","521":",","522":"C","523":"A","524":"A","525":"C","526":",","527":"C","528":"A","529":"A","530":"C","531":",","532":"C","533":"A","534":"A","535":"C","536":",","537":"G","538":"A","539":"A","540":"G","541":",","542":"C","543":"A","544":"A","545":"C","546":",","547":"C","548":"A","549":"A","550":"C","551":",","552":"C","553":"A","554":"A","555":"C","556":",","557":"C","558":"A","559":"A","560":"C","561":";","562":"I","563":"A","564":"C","565":"n","566":"B","567":";","568":"I","569":"A","570":"C","571":"A","572":",","573":"O","574":"A","575":"A","576":"O","577":",","578":"C","579":"A","580":"A","581":"C","582":";","583":";","584":";","585":";","586":";","587":";","588":";","589":";","590":";","591":";","592":";","593":";","594":";","595":";","596":";","597":";","598":";","599":";","600":";","601":";","602":";","603":";","604":";","605":";","606":";","607":"I","608":"A","609":"G","610":"R","611":",","612":"S","613":"A","614":"A","615":"S","616":",","617":"I","618":"A","619":"A","620":"I","621":",","622":"C","623":"A","624":"A","625":"C","626":",","627":"M","628":"A","629":"A","630":"M","631":",","632":"E","633":"A","634":"A","635":"E","636":";","637":"M","638":"A","639":"A","640":"E","641":",","642":"M","643":"A","644":"A","645":"M","646":",","647":"C","648":"A","649":"A","650":"C","651":",","652":"I","653":"A","654":"A","655":"I","656":",","657":"G","658":"A","659":"A","660":"G","661":",","662":"O","663":"A","664":"A","665":"O","666":",","667":"C","668":"A","669":"A","670":"C","671":",","672":"M","673":"A","674":"A","675":"M","676":",","677":"C","678":"A","679":"A","680":"C","681":",","682":"K","683":"A","684":"A","685":"K","686":",","687":"C","688":"A","689":"A","690":"C","691":",","692":"G","693":"A","694":"A","695":"G","696":",","697":"K","698":"A","699":"A","700":"K","701":",","702":"C","703":"A","704":"A","705":"C","706":",","707":"M","708":"A","709":"A","710":"M","711":",","712":"C","713":"A","714":"A","715":"C","716":",","717":"K","718":"A","719":"A","720":"K","721":",","722":"C","723":"A","724":"A","725":"C","726":",","727":"C","728":"A","729":"A","730":"C","731":",","732":"I","733":"A","734":"A","735":"I","736":",","737":"C","738":"A","739":"A","740":"C","741":",","742":"S","743":"A","744":"A","745":"S","746":",","747":"E","748":"A","749":"A","750":"E","751":",","752":"Q","753":"A","754":"A","755":"Q","756":",","757":"C","758":"A","759":"A","760":"C","761":";","762":"I","763":"A","764":"A","765":"E","766":";","767":"I","768":"A","769":"K","770":"7","771":"G","772":",","773":"I","774":"A","775":"A","776":"I","777":",","778":"C","779":"A","780":"A","781":"C","782":",","783":"C","784":"A","785":"A","786":"C","787":",","788":"S","789":"A","790":"E","791":"S","792":",","793":"G","794":"A","795":"A","796":"G","797":",","798":"S","799":"A","800":"A","801":"S","802":",","803":"C","804":"A","805":"A","806":"C","807":",","808":"K","809":"A","810":"A","811":"K","812":",","813":"C","814":"A","815":"A","816":"C","817":",","818":"O","819":"A","820":"A","821":"O","822":",","823":"E","824":"A","825":"A","826":"E","827":",","828":"U","829":"A","830":"A","831":"U","832":",","833":"I","834":"A","835":"A","836":"I","837":",","838":"E","839":"A","840":"A","841":"E","842":",","843":"C","844":"A","845":"A","846":"C","847":",","848":"E","849":"A","850":"A","851":"E","852":",","853":"I","854":"A","855":"A","856":"I","857":",","858":"C","859":"A","860":"A","861":"C","862":",","863":"C","864":"A","865":"A","866":"C","867":",","868":"C","869":"A","870":"A","871":"C","872":";","873":"E","874":"A","875":"C","876":"z","877":"E","878":",","879":"C","880":"A","881":"A","882":"C","883":",","884":"C","885":"A","886":"A","887":"C","888":";","889":"A","890":"A","891":"C","892":"N","893":",","894":"C","895":"A","896":"A","897":"C","898":";","899":"A","900":"A","901":"C","902":"D","903":",","904":"I","905":"A","906":"A","907":"I","908":",","909":"W","910":"A","911":"A","912":"W","913":",","914":"G","915":"A","916":"A","917":"I","918":",","919":"I","920":"A","921":"A","922":"I","923":",","924":"I","925":"A","926":"A","927":"I","928":",","929":"I","930":"A","931":"A","932":"I","933":",","934":"C","935":"A","936":"A","937":"C","938":",","939":"W","940":"A","941":"A","942":"W","943":",","944":"I","945":"A","946":"A","947":"K","948":",","949":"U","950":"A","951":"A","952":"U","953":",","954":"O","955":"A","956":"A","957":"O","958":",","959":"E","960":"A","961":"A","962":"E","963":",","964":"I","965":"A","966":"A","967":"I","968":",","969":"E","970":"A","971":"A","972":"E","973":";","974":"E","975":"A","976":"C","977":"r","978":"E","979":",","980":"I","981":"A","982":"A","983":"I","984":",","985":"C","986":"A","987":"A","988":"C","989":",","990":"G","991":"A","992":"A","993":"G","994":";","995":"M","996":"A","997":"A","998":"E","999":",","1000":"K","1001":"A","1002":"A","1003":"K","1004":",","1005":"E","1006":"A","1007":"A","1008":"E","1009":",","1010":"C","1011":"A","1012":"A","1013":"C","1014":";","1015":"M","1016":"A","1017":"A","1018":"E","1019":",","1020":"I","1021":"A","1022":"A","1023":"I","1024":",","1025":"E","1026":"A","1027":"A","1028":"E","1029":",","1030":"Y","1031":"A","1032":"A","1033":"W","1034":";","1035":"Q","1036":"A","1037":"A","1038":"E","1039":",","1040":"I","1041":"A","1042":"A","1043":"I","1044":",","1045":"C","1046":"A","1047":"A","1048":"C","1049":",","1050":"C","1051":"A","1052":"A","1053":"C","1054":",","1055":"C","1056":"A","1057":"A","1058":"C","1059":",","1060":"C","1061":"A","1062":"A","1063":"C","1064":",","1065":"G","1066":"A","1067":"A","1068":"G","1069":",","1070":"C","1071":"A","1072":"A","1073":"C","1074":",","1075":"E","1076":"A","1077":"A","1078":"E","1079":",","1080":"M","1081":"A","1082":"A","1083":"M","1084":",","1085":"C","1086":"A","1087":"A","1088":"C","1089":",","1090":"C","1091":"A","1092":"A","1093":"C","1094":",","1095":"C","1096":"A","1097":"A","1098":"C","1099":",","1100":"C","1101":"A","1102":"A","1103":"C","1104":";","1105":"Q","1106":"A","1107":"A","1108":"E","1109":",","1110":"O","1111":"A","1112":"A","1113":"O","1114":",","1115":"C","1116":"A","1117":"A","1118":"C","1119":",","1120":"C","1121":"A","1122":"A","1123":"C","1124":",","1125":"C","1126":"A","1127":"A","1128":"C","1129":",","1130":"C","1131":"A","1132":"A","1133":"C","1134":";","1135":"M","1136":"A","1137":"A","1138":"E","1139":",","1140":"C","1141":"A","1142":"A","1143":"C","1144":";","1145":"M","1146":"A","1147":"A","1148":"E","1149":",","1150":"I","1151":"A","1152":"A","1153":"I","1154":",","1155":"E","1156":"A","1157":"A","1158":"E","1159":",","1160":"E","1161":"A","1162":"A","1163":"E","1164":";","1165":"M","1166":"A","1167":"A","1168":"E","1169":",","1170":"G","1171":"A","1172":"A","1173":"G","1174":",","1175":"E","1176":"A","1177":"A","1178":"E","1179":";","1180":"I","1181":"A","1182":"A","1183":"G","1184":",","1185":"C","1186":"A","1187":"A","1188":"C","1189":";","1190":"I","1191":"A","1192":"A","1193":"E","1194":",","1195":"C","1196":"A","1197":"A","1198":"C","1199":";","1200":"I","1201":"A","1202":"A","1203":"E","1204":",","1205":"C","1206":"A","1207":"A","1208":"C","1209":";","1210":"I","1211":"A","1212":"A","1213":"E","1214":",","1215":"C","1216":"A","1217":"A","1218":"C","1219":";","1220":"I","1221":"A","1222":"A","1223":"E","1224":",","1225":"C","1226":"A","1227":"A","1228":"C","1229":";","1230":"E","1231":"A","1232":"C","1233":"h","1234":"H","1235":",","1236":"O","1237":"A","1238":"A","1239":"O","1240":",","1241":"C","1242":"A","1243":"A","1244":"C","1245":",","1246":"G","1247":"A","1248":"A","1249":"G","1250":";","1251":"I","1252":"A","1253":"A","1254":"E","1255":",","1256":"I","1257":"A","1258":"A","1259":"I","1260":",","1261":"E","1262":"A","1263":"A","1264":"E","1265":",","1266":"I","1267":"A","1268":"A","1269":"I","1270":",","1271":"C","1272":"A","1273":"A","1274":"C","1275":",","1276":"C","1277":"A","1278":"A","1279":"C","1280":",","1281":"C","1282":"A","1283":"A","1284":"C","1285":";","1286":"I","1287":"A","1288":"A","1289":"E","1290":",","1291":"O","1292":"A","1293":"A","1294":"O","1295":",","1296":"E","1297":"A","1298":"A","1299":"E","1300":",","1301":"I","1302":"A","1303":"A","1304":"I","1305":",","1306":"C","1307":"A","1308":"A","1309":"C","1310":",","1311":"C","1312":"A","1313":"A","1314":"C","1315":",","1316":"C","1317":"A","1318":"A","1319":"C","1320":";","1321":"I","1322":"A","1323":"A","1324":"E","1325":",","1326":"Q","1327":"A","1328":"A","1329":"Q","1330":",","1331":"E","1332":"A","1333":"A","1334":"E","1335":",","1336":"I","1337":"A","1338":"A","1339":"I","1340":",","1341":"C","1342":"A","1343":"A","1344":"C","1345":",","1346":"C","1347":"A","1348":"A","1349":"C","1350":";","1351":"E","1352":"A","1353":"A","1354":"E","1355":",","1356":"C","1357":"A","1358":"A","1359":"C","1360":",","1361":"E","1362":"A","1363":"A","1364":"E","1365":",","1366":"O","1367":"A","1368":"A","1369":"O","1370":",","1371":"M","1372":"A","1373":"A","1374":"M","1375":",","1376":"K","1377":"A","1378":"A","1379":"K","1380":",","1381":"U","1382":"A","1383":"A","1384":"U","1385":",","1386":"K","1387":"A","1388":"A","1389":"K","1390":",","1391":"C","1392":"A","1393":"A","1394":"C","1395":",","1396":"C","1397":"A","1398":"A","1399":"C","1400":",","1401":"M","1402":"A","1403":"A","1404":"M","1405":",","1406":"C","1407":"A","1408":"A","1409":"C","1410":",","1411":"Q","1412":"A","1413":"A","1414":"Q","1415":",","1416":"C","1417":"A","1418":"A","1419":"C","1420":",","1421":"G","1422":"A","1423":"A","1424":"G","1425":",","1426":"Y","1427":"A","1428":"A","1429":"W","1430":";","1431":"I","1432":"A","1433":"A","1434":"E","1435":",","1436":"O","1437":"A","1438":"A","1439":"O","1440":",","1441":"I","1442":"A","1443":"A","1444":"I","1445":";","1446":"E","1447":"A","1448":"A","1449":"E","1450":",","1451":"C","1452":"A","1453":"A","1454":"C","1455":",","1456":"C","1457":"A","1458":"A","1459":"C","1460":",","1461":"E","1462":"A","1463":"A","1464":"E","1465":",","1466":"C","1467":"A","1468":"A","1469":"C","1470":"\"","1471":",","1472":"\"","1473":"f","1474":"i","1475":"l","1476":"e","1477":"\"","1478":":","1479":"\"","1480":"C","1481":":","1482":"\\","1483":"\\","1484":"U","1485":"s","1486":"e","1487":"r","1488":"s","1489":"\\","1490":"\\","1491":"a","1492":"n","1493":"u","1494":"s","1495":"k","1496":"\\","1497":"\\","1498":"D","1499":"e","1500":"s","1501":"k","1502":"t","1503":"o","1504":"p","1505":"\\","1506":"\\","1507":"C","1508":"u","1509":"r","1510":"s","1511":"o","1512":"s","1513":" ","1514":"d","1515":"e","1516":"v","1517":"\\","1518":"\\","1519":"P","1520":"r","1521":"u","1522":"e","1523":"b","1524":"a","1525":"s","1526":" ","1527":"t","1528":"é","1529":"c","1530":"n","1531":"i","1532":"c","1533":"a","1534":"s","1535":"\\","1536":"\\","1537":"y","1538":"u","1539":"k","1540":"i","1541":"-","1542":"t","1543":"e","1544":"c","1545":"h","1546":"n","1547":"i","1548":"c","1549":"a","1550":"l","1551":"-","1552":"t","1553":"e","1554":"s","1555":"t","1556":"\\","1557":"\\","1558":"s","1559":"r","1560":"c","1561":"\\","1562":"\\","1563":"c","1564":"o","1565":"m","1566":"p","1567":"o","1568":"n","1569":"e","1570":"n","1571":"t","1572":"s","1573":"\\","1574":"\\","1575":"P","1576":"l","1577":"a","1578":"n","1579":"e","1580":"t","1581":"D","1582":"e","1583":"t","1584":"a","1585":"i","1586":"l","1587":"s","1588":".","1589":"v","1590":"u","1591":"e","1592":"\"","1593":",","1594":"\"","1595":"s","1596":"o","1597":"u","1598":"r","1599":"c","1600":"e","1601":"s","1602":"C","1603":"o","1604":"n","1605":"t","1606":"e","1607":"n","1608":"t","1609":"\"","1610":":","1611":"[","1612":"\"","1613":"<","1614":"t","1615":"e","1616":"m","1617":"p","1618":"l","1619":"a","1620":"t","1621":"e","1622":">","1623":"\\","1624":"r","1625":"\\","1626":"n","1627":" ","1628":" ","1629":"<","1630":"d","1631":"i","1632":"v","1633":" ","1634":"c","1635":"l","1636":"a","1637":"s","1638":"s","1639":"=","1640":"\\","1641":"\"","1642":"f","1643":"l","1644":"e","1645":"x","1646":"\\","1647":"\"","1648":">","1649":"\\","1650":"r","1651":"\\","1652":"n","1653":" ","1654":" ","1655":" ","1656":" ","1657":"<","1658":"d","1659":"i","1660":"v","1661":" ","1662":"c","1663":"l","1664":"a","1665":"s","1666":"s","1667":"=","1668":"\\","1669":"\"","1670":"c","1671":"a","1672":"r","1673":"d","1674":" ","1675":"b","1676":"g","1677":"-","1678":"y","1679":"e","1680":"l","1681":"l","1682":"o","1683":"w","1684":"-","1685":"2","1686":"0","1687":"0","1688":" ","1689":"m","1690":"-","1691":"2","1692":" ","1693":"w","1694":"-","1695":"6","1696":"0","1697":" ","1698":"r","1699":"o","1700":"u","1701":"n","1702":"d","1703":"e","1704":"d","1705":"-","1706":"m","1707":"d","1708":" ","1709":"t","1710":"e","1711":"x","1712":"t","1713":"-","1714":"b","1715":"l","1716":"a","1717":"c","1718":"k","1719":"\\","1720":"\"","1721":">","1722":"\\","1723":"r","1724":"\\","1725":"n","1726":" ","1727":" ","1728":" ","1729":" ","1730":" ","1731":" ","1732":"<","1733":"h","1734":"3","1735":" ","1736":"c","1737":"l","1738":"a","1739":"s","1740":"s","1741":"=","1742":"\\","1743":"\"","1744":"t","1745":"e","1746":"x","1747":"t","1748":"-","1749":"2","1750":"x","1751":"l","1752":" ","1753":"m","1754":"b","1755":"-","1756":"2","1757":" ","1758":"f","1759":"o","1760":"n","1761":"t","1762":"-","1763":"s","1764":"e","1765":"m","1766":"i","1767":"b","1768":"o","1769":"l","1770":"d","1771":"\\","1772":"\"","1773":">","1774":"{","1775":"{","1776":" ","1777":"p","1778":"l","1779":"a","1780":"n","1781":"e","1782":"t","1783":".","1784":"n","1785":"a","1786":"m","1787":"e","1788":" ","1789":"}","1790":"}","1791":"<","1792":"/","1793":"h","1794":"3","1795":">","1796":"\\","1797":"r","1798":"\\","1799":"n","1800":" ","1801":" ","1802":" ","1803":" ","1804":" ","1805":" ","1806":"<","1807":"d","1808":"i","1809":"v","1810":" ","1811":"v","1812":"-","1813":"f","1814":"o","1815":"r","1816":"=","1817":"\\","1818":"\"","1819":"(","1820":"f","1821":"i","1822":"l","1823":"m","1824":",","1825":" ","1826":"i","1827":"n","1828":"d","1829":"e","1830":"x","1831":")","1832":" ","1833":"i","1834":"n","1835":" ","1836":"f","1837":"i","1838":"l","1839":"m","1840":"T","1841":"i","1842":"t","1843":"l","1844":"e","1845":"s","1846":"\\","1847":"\"","1848":" ","1849":":","1850":"k","1851":"e","1852":"y","1853":"=","1854":"\\","1855":"\"","1856":"i","1857":"n","1858":"d","1859":"e","1860":"x","1861":"\\","1862":"\"","1863":">","1864":"\\","1865":"r","1866":"\\","1867":"n","1868":" ","1869":" ","1870":" ","1871":" ","1872":" ","1873":" ","1874":" ","1875":" ","1876":"<","1877":"i","1878":" ","1879":"c","1880":"l","1881":"a","1882":"s","1883":"s","1884":"=","1885":"\\","1886":"\"","1887":"f","1888":"a","1889":"-","1890":"s","1891":"o","1892":"l","1893":"i","1894":"d","1895":" ","1896":"f","1897":"a","1898":"-","1899":"j","1900":"e","1901":"d","1902":"i","1903":"\\","1904":"\"","1905":">","1906":"<","1907":"/","1908":"i","1909":">","1910":"\\","1911":"r","1912":"\\","1913":"n","1914":" ","1915":" ","1916":" ","1917":" ","1918":" ","1919":" ","1920":" ","1921":" ","1922":"{","1923":"{","1924":" ","1925":"f","1926":"i","1927":"l","1928":"m","1929":" ","1930":"}","1931":"}","1932":"\\","1933":"r","1934":"\\","1935":"n","1936":" ","1937":" ","1938":" ","1939":" ","1940":" ","1941":" ","1942":"<","1943":"/","1944":"d","1945":"i","1946":"v","1947":">","1948":"\\","1949":"r","1950":"\\","1951":"n","1952":" ","1953":" ","1954":" ","1955":" ","1956":"<","1957":"/","1958":"d","1959":"i","1960":"v","1961":">","1962":"\\","1963":"r","1964":"\\","1965":"n","1966":" ","1967":" ","1968":"<","1969":"/","1970":"d","1971":"i","1972":"v","1973":">","1974":"\\","1975":"r","1976":"\\","1977":"n","1978":"<","1979":"/","1980":"t","1981":"e","1982":"m","1983":"p","1984":"l","1985":"a","1986":"t","1987":"e","1988":">","1989":"\\","1990":"r","1991":"\\","1992":"n","1993":"\\","1994":"r","1995":"\\","1996":"n","1997":"<","1998":"s","1999":"c","2000":"r","2001":"i","2002":"p","2003":"t","2004":" ","2005":"l","2006":"a","2007":"n","2008":"g","2009":"=","2010":"\\","2011":"\"","2012":"t","2013":"s","2014":"\\","2015":"\"","2016":">","2017":"\\","2018":"r","2019":"\\","2020":"n","2021":"e","2022":"x","2023":"p","2024":"o","2025":"r","2026":"t","2027":" ","2028":"d","2029":"e","2030":"f","2031":"a","2032":"u","2033":"l","2034":"t","2035":" ","2036":"{","2037":"\\","2038":"r","2039":"\\","2040":"n","2041":" ","2042":" ","2043":"n","2044":"a","2045":"m","2046":"e","2047":":","2048":" ","2049":"'","2050":"P","2051":"l","2052":"a","2053":"n","2054":"e","2055":"t","2056":"D","2057":"e","2058":"t","2059":"a","2060":"i","2061":"l","2062":"s","2063":"'","2064":"\\","2065":"r","2066":"\\","2067":"n","2068":"}","2069":"\\","2070":"r","2071":"\\","2072":"n","2073":"<","2074":"/","2075":"s","2076":"c","2077":"r","2078":"i","2079":"p","2080":"t","2081":">","2082":"\\","2083":"r","2084":"\\","2085":"n","2086":"\\","2087":"r","2088":"\\","2089":"n","2090":"<","2091":"s","2092":"c","2093":"r","2094":"i","2095":"p","2096":"t","2097":" ","2098":"s","2099":"e","2100":"t","2101":"u","2102":"p","2103":" ","2104":"l","2105":"a","2106":"n","2107":"g","2108":"=","2109":"\\","2110":"\"","2111":"t","2112":"s","2113":"\\","2114":"\"","2115":">","2116":"\\","2117":"r","2118":"\\","2119":"n","2120":"i","2121":"m","2122":"p","2123":"o","2124":"r","2125":"t","2126":" ","2127":"{","2128":" ","2129":"o","2130":"n","2131":"M","2132":"o","2133":"u","2134":"n","2135":"t","2136":"e","2137":"d","2138":",","2139":" ","2140":"r","2141":"e","2142":"f","2143":" ","2144":"}","2145":" ","2146":"f","2147":"r","2148":"o","2149":"m","2150":" ","2151":"'","2152":"v","2153":"u","2154":"e","2155":"'","2156":"\\","2157":"r","2158":"\\","2159":"n","2160":"i","2161":"m","2162":"p","2163":"o","2164":"r","2165":"t","2166":" ","2167":"t","2168":"y","2169":"p","2170":"e","2171":" ","2172":"{","2173":" ","2174":"R","2175":"e","2176":"f","2177":" ","2178":"}","2179":" ","2180":"f","2181":"r","2182":"o","2183":"m","2184":" ","2185":"'","2186":"v","2187":"u","2188":"e","2189":"'","2190":"\\","2191":"r","2192":"\\","2193":"n","2194":"i","2195":"m","2196":"p","2197":"o","2198":"r","2199":"t","2200":" ","2201":"I","2202":"P","2203":"l","2204":"a","2205":"n","2206":"e","2207":"t","2208":" ","2209":"f","2210":"r","2211":"o","2212":"m","2213":" ","2214":"'","2215":".","2216":".","2217":"/","2218":"a","2219":"p","2220":"i","2221":"/","2222":"i","2223":"n","2224":"t","2225":"e","2226":"r","2227":"f","2228":"a","2229":"c","2230":"e","2231":"s","2232":"/","2233":"I","2234":"P","2235":"l","2236":"a","2237":"n","2238":"e","2239":"t","2240":".","2241":"i","2242":"n","2243":"t","2244":"e","2245":"r","2246":"f","2247":"a","2248":"c","2249":"e","2250":"'","2251":"\\","2252":"r","2253":"\\","2254":"n","2255":"i","2256":"m","2257":"p","2258":"o","2259":"r","2260":"t","2261":" ","2262":"{","2263":" ","2264":"g","2265":"e","2266":"t","2267":"F","2268":"i","2269":"l","2270":"m","2271":"s","2272":"T","2273":"i","2274":"t","2275":"l","2276":"e","2277":" ","2278":"}","2279":" ","2280":"f","2281":"r","2282":"o","2283":"m","2284":" ","2285":"'","2286":".","2287":".","2288":"/","2289":"a","2290":"p","2291":"i","2292":"/","2293":"e","2294":"n","2295":"d","2296":"p","2297":"o","2298":"i","2299":"n","2300":"t","2301":"s","2302":"/","2303":"s","2304":"t","2305":"a","2306":"r","2307":"_","2308":"w","2309":"a","2310":"r","2311":"s","2312":"_","2313":"a","2314":"p","2315":"i","2316":"'","2317":"\\","2318":"r","2319":"\\","2320":"n","2321":"c","2322":"o","2323":"n","2324":"s","2325":"t","2326":" ","2327":"p","2328":"r","2329":"o","2330":"p","2331":"s","2332":" ","2333":"=","2334":" ","2335":"d","2336":"e","2337":"f","2338":"i","2339":"n","2340":"e","2341":"P","2342":"r","2343":"o","2344":"p","2345":"s","2346":"<","2347":"{","2348":" ","2349":"\\","2350":"r","2351":"\\","2352":"n","2353":" ","2354":" ","2355":"p","2356":"l","2357":"a","2358":"n","2359":"e","2360":"t","2361":":","2362":" ","2363":"I","2364":"P","2365":"l","2366":"a","2367":"n","2368":"e","2369":"t","2370":"\\","2371":"r","2372":"\\","2373":"n","2374":"}","2375":">","2376":"(","2377":")","2378":"\\","2379":"r","2380":"\\","2381":"n","2382":"c","2383":"o","2384":"n","2385":"s","2386":"t","2387":" ","2388":"f","2389":"i","2390":"l","2391":"m","2392":"T","2393":"i","2394":"t","2395":"l","2396":"e","2397":"s","2398":":","2399":" ","2400":"R","2401":"e","2402":"f","2403":"<","2404":"s","2405":"t","2406":"r","2407":"i","2408":"n","2409":"g","2410":"[","2411":"]","2412":">","2413":" ","2414":"=","2415":" ","2416":"r","2417":"e","2418":"f","2419":"(","2420":"[","2421":"]","2422":")","2423":";","2424":"\\","2425":"r","2426":"\\","2427":"n","2428":"\\","2429":"r","2430":"\\","2431":"n","2432":"o","2433":"n","2434":"M","2435":"o","2436":"u","2437":"n","2438":"t","2439":"e","2440":"
[...]
:"t","3520":"a","3521":"r","3522":"_","3523":"w","3524":"a","3525":"r","3526":"s","3527":"_","3528":"a","3529":"p","3530":"i","3531":"'","3532":"\\","3533":"r","3534":"\\","3535":"n","3536":"i","3537":"m","3538":"p","3539":"o","3540":"r","3541":"t","3542":" ","3543":"P","3544":"l","3545":"a","3546":"n","3547":"e","3548":"t","3549":"D","3550":"e","3551":"t","3552":"a","3553":"i","3554":"l","3555":"s","3556":" ","3557":"f","3558":"r","3559":"o","3560":"m","3561":" ","3562":"'","3563":".","3564":".","3565":"/","3566":"c","3567":"o","3568":"m","3569":"p","3570":"o","3571":"n","3572":"e","3573":"n","3574":"t","3575":"s","3576":"/","3577":"P","3578":"l","3579":"a","3580":"n","3581":"e","3582":"t","3583":"D","3584":"e","3585":"t","3586":"a","3587":"i","3588":"l","3589":"s","3590":".","3591":"v","3592":"u","3593":"e","3594":"'","3595":"\\","3596":"r","3597":"\\","3598":"n","3599":"i","3600":"m","3601":"p","3602":"o","3603":"r","3604":"t","3605":" ","3606":"I","3607":"P","3608":"l","3609":"a","3610":"n","3611":"e","3612":"t","3613":" ","3614":"f","3615":"r","3616":"o","3617":"m","3618":" ","3619":"'","3620":".","3621":".","3622":"/","3623":"a","3624":"p","3625":"i","3626":"/","3627":"i","3628":"n","3629":"t","3630":"e","3631":"r","3632":"f","3633":"a","3634":"c","3635":"e","3636":"s","3637":"/","3638":"I","3639":"P","3640":"l","3641":"a","3642":"n","3643":"e","3644":"t","3645":".","3646":"i","3647":"n","3648":"t","3649":"e","3650":"r","3651":"f","3652":"a","3653":"c","3654":"e","3655":"'","3656":"\\","3657":"r","3658":"\\","3659":"n","3660":"\\","3661":"r","3662":"\\","3663":"n","3664":"c","3665":"o","3666":"n","3667":"s","3668":"t","3669":" ","3670":"p","3671":"l","3672":"a","3673":"n","3674":"e","3675":"t","3676":"s","3677":":","3678":" ","3679":"R","3680":"e","3681":"f","3682":"<","3683":"I","3684":"P","3685":"l","3686":"a","3687":"n","3688":"e","3689":"t","3690":"[","3691":"]","3692":">","3693":" ","3694":"=","3695":" ","3696":"r","3697":"e","3698":"f","3699":"(","3700":"[","3701":"]","3702":")","3703":"\\","3704":"r","3705":"\\","3706":"n","3707":"c","3708":"o","3709":"n","3710":"s","3711":"t","3712":" ","3713":"i","3714":"s","3715":"L","3716":"o","3717":"a","3718":"d","3719":"i","3720":"n","3721":"g","3722":":","3723":" ","3724":"R","3725":"e","3726":"f","3727":"<","3728":"b","3729":"o","3730":"o","3731":"l","3732":"e","3733":"a","3734":"n","3735":">","3736":" ","3737":"=","3738":" ","3739":"r","3740":"e","3741":"f","3742":"(","3743":"t","3744":"r","3745":"u","3746":"e","3747":")","3748":"\\","3749":"r","3750":"\\","3751":"n","3752":"\\","3753":"r","3754":"\\","3755":"n","3756":"c","3757":"o","3758":"n","3759":"s","3760":"t","3761":" ","3762":"l","3763":"o","3764":"a","3765":"d","3766":"P","3767":"l","3768":"a","3769":"n","3770":"e","3771":"t","3772":"s","3773":" ","3774":"=","3775":" ","3776":"a","3777":"s","3778":"y","3779":"n","3780":"c","3781":"(","3782":")","3783":" ","3784":"=","3785":">","3786":" ","3787":"{","3788":"\\","3789":"r","3790":"\\","3791":"n","3792":" ","3793":" ","3794":"t","3795":"r","3796":"y","3797":"{","3798":"\\","3799":"r","3800":"\\","3801":"n","3802":" ","3803":" ","3804":" ","3805":" ","3806":"p","3807":"l","3808":"a","3809":"n","3810":"e","3811":"t","3812":"s","3813":".","3814":"v","3815":"a","3816":"l","3817":"u","3818":"e","3819":" ","3820":"=","3821":" ","3822":"a","3823":"w","3824":"a","3825":"i","3826":"t","3827":" ","3828":"g","3829":"e","3830":"t","3831":"P","3832":"l","3833":"a","3834":"n","3835":"e","3836":"t","3837":"s","3838":"(","3839":")","3840":"\\","3841":"r","3842":"\\","3843":"n","3844":" ","3845":" ","3846":"}","3847":" ","3848":"c","3849":"a","3850":"t","3851":"c","3852":"h","3853":"(","3854":"e","3855":"r","3856":"r","3857":"o","3858":"r","3859":")","3860":"{","3861":"\\","3862":"r","3863":"\\","3864":"n","3865":" ","3866":" ","3867":" ","3868":" ","3869":"c","3870":"o","3871":"n","3872":"s","3873":"o","3874":"l","3875":"e","3876":".","3877":"l","3878":"o","3879":"g","3880":"(","3881":"'","3882":"E","3883":"r","3884":"r","3885":"o","3886":"r","3887":"'","3888":",","3889":" ","3890":"e","3891":"r","3892":"r","3893":"o","3894":"r","3895":")","3896":"\\","3897":"r","3898":"\\","3899":"n","3900":" ","3901":" ","3902":"}","3903":"\\","3904":"r","3905":"\\","3906":"n","3907":" ","3908":" ","3909":"f","3910":"i","3911":"n","3912":"a","3913":"l","3914":"l","3915":"y","3916":"{","3917":"\\","3918":"r","3919":"\\","3920":"n","3921":" ","3922":" ","3923":" ","3924":" ","3925":"i","3926":"s","3927":"L","3928":"o","3929":"a","3930":"d","3931":"i","3932":"n","3933":"g","3934":".","3935":"v","3936":"a","3937":"l","3938":"u","3939":"e","3940":" ","3941":"=","3942":" ","3943":"f","3944":"a","3945":"l","3946":"s","3947":"e","3948":"\\","3949":"r","3950":"\\","3951":"n","3952":" ","3953":" ","3954":"}","3955":"\\","3956":"r","3957":"\\","3958":"n","3959":"}","3960":"\\","3961":"r","3962":"\\","3963":"n","3964":"\\","3965":"r","3966":"\\","3967":"n","3968":"o","3969":"n","3970":"M","3971":"o","3972":"u","3973":"n","3974":"t","3975":"e","3976":"d","3977":"(","3978":"(","3979":")","3980":" ","3981":"=","3982":">","3983":" ","3984":"{","3985":"\\","3986":"r","3987":"\\","3988":"n","3989":" ","3990":" ","3991":"l","3992":"o","3993":"a","3994":"d","3995":"P","3996":"l","3997":"a","3998":"n","3999":"e","4000":"t","4001":"s","4002":"(","4003":")","4004":"\\","4005":"r","4006":"\\","4007":"n","4008":"}","4009":")","4010":"\\","4011":"r","4012":"\\","4013":"n","4014":"<","4015":"/","4016":"s","4017":"c","4018":"r","4019":"i","4020":"p","4021":"t","4022":">","4023":"\"","4024":"]","4025":"}"}}
,"C:\\Users\\anusk\\Desktop\\Cursos dev\\Pruebas técnicas\\yuki-technical-test\\src\\views\\SearchPlanetsView.vue": {"path":"C:\\Users\\anusk\\Desktop\\Cursos dev\\Pruebas técnicas\\yuki-technical-test\\src\\views\\SearchPlanetsView.vue","statementMap":{"0":{"start":{"line":3,"column":15},"end":{"line":12,"column":1}},"1":{"start":{"line":4,"column":2},"end":{"line":10,"column":4}},"2":{"start":{"line":5,"column":4},"end":{"line":8,"column":5}},"3":{"start":{"line":5,"column":20},"end":{"line":5,"column":21}},"4":{"start":{"line":5,"column":27},"end":{"line":5,"column":43}},"5":{"start":{"line":6,"column":6},"end":{"line":6,"column":23}},"6":{"start":{"line":7,"column":6},"end":{"line":7,"column":83}},"7":{"start":{"line":7,"column":23},"end":{"line":7,"column":83}},"8":{"start":{"line":7,"column":71},"end":{"line":7,"column":83}},"9":{"start":{"line":9,"column":4},"end":{"line":9,"column":13}},"10":{"start":{"line":11,"column":2},"end":{"line":11,"column":41}},"11":{"start":{"line":13,"column":22},"end":{"line":17,"column":1}},"12":{"start":{"line":14,"column":2},"end":{"line":16,"column":4}},"13":{"start":{"line":18,"column":0},"end":{"line":20,"column":3}},"14":{"start":{"line":21,"column":12},"end":{"line":21,"column":26}},"15":{"start":{"line":22,"column":25},"end":{"line":22,"column":83}},"16":{"start":{"line":23,"column":18},"end":{"line":25,"column":1}},"17":{"start":{"line":26,"column":0},"end":{"line":39,"column":4}},"18":{"start":{"line":28,"column":19},"end":{"line":28,"column":28}},"19":{"start":{"line":29,"column":4},"end":{"line":29,"column":15}},"20":{"start":{"line":30,"column":23},"end":{"line":32,"column":5}},"21":{"start":{"line":33,"column":4},"end":{"line":36,"column":7}},"22":{"start":{"line":37,"column":4},"end":{"line":37,"column":24}},"23":{"start":{"line":41,"column":0},"end":{"line":41,"column":62}},"24":{"start":{"line":42,"column":0},"end":{"line":42,"column":24}},"25":{"start":{"line":43,"column":12},"end":{"line":43,"column":26}},"26":{"start":{"line":45,"column":4},"end":{"line":47,"column":8}},"27":{"start":{"line":49,"column":0},"end":{"line":49,"column":24}},"28":{"start":{"line":50,"column":1},"end":{"line":50,"column":48}}},"fnMap":{"0":{"name":"(anonymous_0)","decl":{"start":{"line":3,"column":40},"end":{"line":3,"column":41}},"loc":{"start":{"line":3,"column":52},"end":{"line":12,"column":1}},"line":3},"1":{"name":"(anonymous_1)","decl":{"start":{"line":4,"column":30},"end":{"line":4,"column":31}},"loc":{"start":{"line":4,"column":43},"end":{"line":10,"column":3}},"line":4},"2":{"name":"(anonymous_2)","decl":{"start":{"line":13,"column":54},"end":{"line":13,"column":55}},"loc":{"start":{"line":13,"column":69},"end":{"line":17,"column":1}},"line":13},"3":{"name":"(anonymous_3)","decl":{"start":{"line":27,"column":9},"end":{"line":27,"column":10}},"loc":{"start":{"line":27,"column":32},"end":{"line":38,"column":3}},"line":27},"4":{"name":"render","decl":{"start":{"line":44,"column":9},"end":{"line":44,"column":15}},"loc":{"start":{"line":44,"column":63},"end":{"line":48,"column":1}},"line":44}},"branchMap":{"0":{"loc":{"start":{"line":3,"column":15},"end":{"line":12,"column":1}},"type":"binary-expr","locations":[{"start":{"line":3,"column":15},"end":{"line":3,"column":19}},{"start":{"line":3,"column":23},"end":{"line":3,"column":36}},{"start":{"line":3,"column":40},"end":{"line":12,"column":1}}],"line":3},"1":{"loc":{"start":{"line":4,"column":13},"end":{"line":10,"column":3}},"type":"binary-expr","locations":[{"start":{"line":4,"column":13},"end":{"line":4,"column":26}},{"start":{"line":4,"column":30},"end":{"line":10,"column":3}}],"line":4},"2":{"loc":{"start":{"line":7,"column":23},"end":{"line":7,"column":83}},"type":"if","locations":[{"start":{"line":7,"column":23},"end":{"line":7,"column":83}},{"start":{},"end":{}}],"line":7},"3":{"loc":{"start":{"line":13,"column":22},"end":{"line":17,"column":1}},"type":"binary-expr","locations":[{"start":{"line":13,"column":22},"end":{"line":13,"column":26}},{"start":{"line":13,"column":30},"end":{"line":13,"column":50}},{"start":{"line":13,"column":54},"end":{"line":17,"column":1}}],"line":13},"4":{"loc":{"start":{"line":14,"column":9},"end":{"line":16,"column":3}},"type":"cond-expr","locations":[{"start":{"line":14,"column":33},"end":{"line":14,"column":36}},{"start":{"line":14,"column":39},"end":{"line":16,"column":3}}],"line":14},"5":{"loc":{"start":{"line":14,"column":9},"end":{"line":14,"column":30}},"type":"binary-expr","locations":[{"start":{"line":14,"column":9},"end":{"line":14,"column":12}},{"start":{"line":14,"column":16},"end":{"line":14,"column":30}}],"line":14}},"s":{"0":0,"1":0,"2":0,"3":0,"4":0,"5":0,"6":0,"7":0,"8":0,"9":0,"10":0,"11":0,"12":0,"13":0,"14":0,"15":0,"16":0,"17":0,"18":0,"19":0,"20":0,"21":0,"22":0,"23":0,"24":0,"25":0,"26":0,"27":0,"28":0},"f":{"0":0,"1":0,"2":0,"3":0,"4":0},"b":{"0":[0,0,0],"1":[0,0],"2":[0,0],"3":[0,0,0],"4":[0,0],"5":[0,0]},"inputSourceMap":{"0":"{","1":"\"","2":"v","3":"e","4":"r","5":"s","6":"i","7":"o","8":"n","9":"\"","10":":","11":"3","12":",","13":"\"","14":"s","15":"o","16":"u","17":"r","18":"c","19":"e","20":"s","21":"\"","22":":","23":"[","24":"\"","25":"C","26":":","27":"/","28":"U","29":"s","30":"e","31":"r","32":"s","33":"/","34":"a","35":"n","36":"u","37":"s","38":"k","39":"/","40":"D","41":"e","42":"s","43":"k","44":"t","45":"o","46":"p","47":"/","48":"C","49":"u","50":"r","51":"s","52":"o","53":"s","54":" ","55":"d","56":"e","57":"v","58":"/","59":"P","60":"r","61":"u","62":"e","63":"b","64":"a","65":"s","66":" ","67":"t","68":"é","69":"c","70":"n","71":"i","72":"c","73":"a","74":"s","75":"/","76":"y","77":"u","78":"k","79":"i","80":"-","81":"t","82":"e","83":"c","84":"h","85":"n","86":"i","87":"c","88":"a","89":"l","90":"-","91":"t","92":"e","93":"s","94":"t","95":"/","96":"s","97":"r","98":"c","99":"/","100":"v","101":"i","102":"e","103":"w","104":"s","105":"/","106":"S","107":"e","108":"a","109":"r","110":"c","111":"h","112":"P","113":"l","114":"a","115":"n","116":"e","117":"t","118":"s","119":"V","120":"i","121":"e","122":"w","123":".","124":"v","125":"u","126":"e","127":"\"","128":"]","129":",","130":"\"","131":"n","132":"a","133":"m","134":"e","135":"s","136":"\"","137":":","138":"[","139":"]","140":",","141":"\"","142":"m","143":"a","144":"p","145":"p","146":"i","147":"n","148":"g","149":"s","150":"\"","151":":","152":"\"","153":";","154":";","155":"A","156":"A","157":"a","158":"A","159":",","160":"I","161":"A","162":"A","163":"I","164":",","165":"Q","166":"A","167":"A","168":"Q","169":",","170":"G","171":"A","172":"A","173":"I","174":",","175":"I","176":"A","177":"A","178":"I","179":",","180":"I","181":"A","182":"A","183":"I","184":",","185":"I","186":"A","187":"A","188":"I","189":",","190":"C","191":"A","192":"A","193":"C","194":",","195":"Q","196":"A","197":"A","198":"Q","199":",","200":"I","201":"A","202":"A","203":"K","204":",","205":"Y","206":"A","207":"A","208":"Y","209":";","210":"E","211":"A","212":"P","213":"l","214":"D","215":",","216":"Q","217":"A","218":"A","219":"Q","220":",","221":"G","222":"A","223":"A","224":"G","225":",","226":"M","227":"A","228":"A","229":"M","230":",","231":"C","232":"A","233":"A","234":"C","235":",","236":"M","237":"A","238":"A","239":"M","240":",","241":"I","242":"A","243":"A","244":"I","245":",","246":"U","247":"A","248":"A","249":"S","250":",","251":"C","252":"A","253":"A","254":"C","255":",","256":"E","257":"A","258":"A","259":"E","260":";","261":"I","262":"A","263":"C","264":"p","265":"C","266":",","267":"K","268":"A","269":"A","270":"K","271":",","272":"I","273":"A","274":"A","275":"I","276":",","277":"C","278":"A","279":"A","280":"C","281":",","282":"E","283":"A","284":"A","285":"E","286":",","287":"C","288":"A","289":"A","290":"C","291":",","292":"G","293":"A","294":"A","295":"G","296":",","297":"C","298":"A","299":"A","300":"C","301":",","302":"E","303":"A","304":"A","305":"E","306":",","307":"C","308":"A","309":"A","310":"C","311":",","312":"G","313":"A","314":"A","315":"G","316":",","317":"S","318":"A","319":"A","320":"S","321":",","322":"C","323":"A","324":"A","325":"C","326":",","327":"M","328":"A","329":"A","330":"M","331":",","332":"E","333":"A","334":"A","335":"E","336":",","337":"C","338":"A","339":"A","340":"C","341":",","342":"G","343":"A","344":"A","345":"G","346":",","347":"C","348":"A","349":"A","350":"C","351":",","352":"E","353":"A","354":"A","355":"E","356":",","357":"C","358":"A","359":"A","360":"C","361":",","362":"E","363":"A","364":"A","365":"E","366":",","367":"E","368":"A","369":"A","370":"E","371":";","372":"M","373":"A","374":"C","375":"j","376":"D","377":",","378":"C","379":"A","380":"A","381":"C","382":",","383":"G","384":"A","385":"A","386":"G","387":",","388":"S","389":"A","390":"A","391":"S","392":",","393":"C","394":"A","395":"A","396":"C","397":",","398":"C","399":"A","400":"A","401":"C","402":",","403":"C","404":"A","405":"A","406":"C","407":";","408":"M","409":"A","410":"C","411":"h","412":"B","413":",","414":"K","415":"A","416":"A","417":"K","418":",","419":"I","420":"A","421":"A","422":"I","423":",","424":"C","425":"A","426":"A","427":"C","428":",","429":"I","430":"A","431":"A","432":"I","433":",","434":"C","435":"A","436":"A","437":"C","438":",","439":"E","440":"A","441":"A","442":"E","443":",","444":"I","445":"A","446":"A","447":"I","448":",","449":"M","450":"A","451":"A","452":"M","453":",","454":"C","455":"A","456":"A","457":"C","458":",","459":"S","460":"A","461":"A","462":"S","463":",","464":"C","465":"A","466":"A","467":"C","468":",","469":"c","470":"A","471":"A","472":"c","473":",","474":"C","475":"A","476":"A","477":"C","478":",","479":"I","480":"A","481":"A","482":"I","483":",","484":"C","485":"A","486":"A","487":"C","488":",","489":"C","490":"A","491":"A","492":"C","493":",","494":"E","495":"A","496":"A","497":"E","498":",","499":"C","500":"A","501":"A","502":"C","503":",","504":"C","505":"A","506":"A","507":"C","508":";","509":";","510":";","511":";","512":";","513":"A","514":"A","515":"G","516":"3","517":"E","518":",","519":"C","520":"A","521":"A","522":"C","523":"\"","524":",","525":"\"","526":"f","527":"i","528":"l","529":"e","530":"\"","531":":","532":"\"","533":"C","534":":","535":"\\","536":"\\","537":"U","538":"s","539":"e","540":"r","541":"s","542":"\\","543":"\\","544":"a","545":"n","546":"u","547":"s","548":"k","549":"\\","550":"\\","551":"D","552":"e","553":"s","554":"k","555":"t","556":"o","557":"p","558":"\\","559":"\\","560":"C","561":"u","562":"r","563":"s","564":"o","565":"s","566":" ","567":"d","568":"e","569":"v","570":"\\","571":"\\","572":"P","573":"r","574":"u","575":"e","576":"b","577":"a","578":"s","579":" ","580":"t","581":"é","582":"c","583":"n","584":"i","585":"c","586":"a","587":"s","588":"\\","589":"\\","590":"y","591":"u","592":"k","593":"i","594":"-","595":"t","596":"e","597":"c","598":"h","599":"n","600":"i","601":"c","602":"a","603":"l","604":"-","605":"t","606":"e","607":"s","608":"t","609":"\\","610":"\\","611":"s","612":"r","613":"c","614":"\\","615":"\\","616":"v","617":"i","618":"e","619":"w","620":"s","621":"\\","622":"\\","623":"S","624":"e","625":"a","626":"r","627":"c","628":"h","629":"P","630":"l","631":"a","632":"n","633":"e","634":"t","635":"s","636":"V","637":"i","638":"e","639":"w","640":".","641":"v","642":"u","643":"e","644":"\"","645":",","646":"\"","647":"s","648":"o","649":"u","650":"r","651":"c","652":"e","653":"s","654":"C","655":"o","656":"n","657":"t","658":"e","659":"n","660":"t","661":"\"","662":":","663":"[","664":"\"","665":"<","666":"t","667":"e","668":"m","669":"p","670":"l","671":"a","672":"t","673":"e","674":">","675":"\\","676":"r","677":"\\","678":"n","679":" ","680":" ","681":"<","682":"d","683":"i","684":"v","685":">","686":"\\","687":"r","688":"\\","689":"n","690":" ","691":" ","692":" ","693":" ","694":"<","695":"S","696":"e","697":"a","698":"r","699":"c","700":"h","701":"P","702":"l","703":"a","704":"n","705":"e","706":"t","707":"/","708":">","709":"\\","710":"r","711":"\\","712":"n","713":" ","714":" ","715":"<","716":"/","717":"d","718":"i","719":"v","720":">","721":"\\","722":"r","723":"\\","724":"n","725":"<","726":"/","727":"t","728":"e","729":"m","730":"p","731":"l","732":"a","733":"t","734":"e","735":">","736":"\\","737":"r","738":"\\","739":"n","740":"\\","741":"r","742":"\\","743":"n","744":"<","745":"s","746":"c","747":"r","748":"i","749":"p","750":"t","751":" ","752":"l","753":"a","754":"n","755":"g","756":"=","757":"\\","758":"\"","759":"t","760":"s","761":"\\","762":"\"","763":">","764":"\\","765":"r","766":"\\","767":"n","768":"e","769":"x","770":"p","771":"o","772":"r","773":"t","774":" ","775":"d","776":"e","777":"f","778":"a","779":"u","780":"l","781":"t","782":" ","783":"{","784":"\\","785":"r","786":"\\","787":"n","788":" ","789":" ","790":"n","791":"a","792":"m","793":"e","794":":","795":" ","796":"'","797":"S","798":"e","799":"a","800":"r","801":"c","802":"h","803":"P","804":"l","805":"a","806":"n","807":"e","808":"t","809":"s","810":"V","811":"i","812":"e","813":"w","814":"'","815":"\\","816":"r","817":"\\","818":"n","819":"}","820":"\\","821":"r","822":"\\","823":"n","824":"<","825":"/","826":"s","827":"c","828":"r","829":"i","830":"p","831":"t","832":">","833":"\\","834":"r","835":"\\","836":"n","837":"\\","838":"r","839":"\\","840":"n","841":"<","842":"s","843":"c","844":"r","845":"i","846":"p","847":"t","848":" ","849":"s","850":"e","851":"t","852":"u","853":"p","854":" ","855":"l","856":"a","857":"n","858":"g","859":"=","860":"\\","861":"\"","862":"t","863":"s","864":"\\","865":"\"","866":">","867":"\\","868":"r","869":"\\","870":"n","871":"i","872":"m","873":"p","874":"o","875":"r","876":"t","877":" ","878":"S","879":"e","880":"a","881":"r","882":"c","883":"h","884":"P","885":"l","886":"a","887":"n","888":"e","889":"t","890":" ","891":"f","892":"r","893":"o","894":"m","895":" ","896":"'","897":".","898":".","899":"/","900":"c","901":"o","902":"m","903":"p","904":"o","905":"n","906":"e","907":"n","908":"t","909":"s","910":"/","911":"S","912":"e","913":"a","914":"r","915":"c","916":"h","917":"P","918":"l","919":"a","920":"n","921":"e","922":"t","923":".","924":"v","925":"u","926":"e","927":"'","928":";","929":"\\","930":"r","931":"\\","932":"n","933":"<","934":"/","935":"s","936":"c","937":"r","938":"i","939":"p","940":"t","941":">","942":"\"","943":"]","944":"}"}}
}
