TN:
SF:src\App.vue
FN:3,(anonymous_0)
FN:16,(anonymous_1)
FN:34,render
FNF:3
FNH:0
FNDA:0,(anonymous_0)
FNDA:0,(anonymous_1)
FNDA:0,render
DA:3,0
DA:4,0
DA:8,0
DA:11,0
DA:12,0
DA:13,0
DA:14,0
DA:17,0
DA:18,0
DA:19,0
DA:23,0
DA:27,0
DA:31,0
DA:32,0
DA:33,0
DA:35,0
DA:40,0
DA:41,0
LF:18
LH:0
BRDA:3,0,0,0
BRDA:3,0,1,0
BRDA:3,0,2,0
BRDA:4,1,0,0
BRDA:4,1,1,0
BRDA:4,2,0,0
BRDA:4,2,1,0
BRF:7
BRH:0
end_of_record
TN:
SF:src\api\constants.ts
FNF:0
FNH:0
DA:1,1
DA:2,1
DA:3,1
LF:3
LH:3
BRF:0
BRH:0
end_of_record
TN:
SF:src\api\endpoints\star_wars_api.ts
FN:5,(anonymous_1)
FN:14,(anonymous_2)
FN:24,(anonymous_3)
FN:26,(anonymous_4)
FN:28,(anonymous_5)
FN:34,(anonymous_6)
FNF:6
FNH:0
FNDA:0,(anonymous_1)
FNDA:0,(anonymous_2)
FNDA:0,(anonymous_3)
FNDA:0,(anonymous_4)
FNDA:0,(anonymous_5)
FNDA:0,(anonymous_6)
DA:1,1
DA:2,1
DA:5,1
DA:6,0
DA:7,0
DA:8,0
DA:10,0
DA:14,1
DA:15,0
DA:16,0
DA:17,0
DA:18,0
DA:20,0
DA:24,1
DA:25,0
DA:26,0
DA:27,0
DA:28,0
DA:30,0
DA:34,1
DA:35,0
DA:36,0
DA:37,0
DA:38,0
DA:40,0
LF:25
LH:6
BRF:0
BRH:0
end_of_record
TN:
SF:src\components\HelloWorld.vue
FN:16,(anonymous_0)
FN:57,render
FN:63,(anonymous_2)
FNF:3
FNH:2
FNDA:1,(anonymous_0)
FNDA:1,render
FNDA:0,(anonymous_2)
DA:3,1
DA:6,1
DA:7,1
DA:8,1
DA:17,1
DA:18,1
DA:19,1
DA:20,1
DA:23,1
DA:27,1
DA:31,1
DA:32,1
DA:33,1
DA:34,1
DA:35,1
DA:40,1
DA:48,1
DA:56,1
DA:58,1
DA:63,0
DA:72,1
DA:73,1
LF:22
LH:21
BRDA:63,0,0,1
BRDA:63,0,1,1
BRF:2
BRH:2
end_of_record
TN:
SF:src\components\PlanetDetails.vue
FN:3,(anonymous_0)
FN:4,(anonymous_1)
FN:13,(anonymous_2)
FN:14,adopt
FN:15,(anonymous_4)
FN:19,(anonymous_5)
FN:20,fulfilled
FN:27,rejected
FN:34,step
FN:40,(anonymous_9)
FN:43,(anonymous_10)
FN:58,(anonymous_11)
FN:61,verb
FN:62,(anonymous_13)
FN:66,step
FN:144,(anonymous_15)
FN:150,(anonymous_16)
FN:151,(anonymous_17)
FN:153,(anonymous_18)
FN:184,render
FN:188,(anonymous_20)
FNF:21
FNH:17
FNDA:2,(anonymous_0)
FNDA:0,(anonymous_1)
FNDA:1,(anonymous_2)
FNDA:1,adopt
FNDA:0,(anonymous_4)
FNDA:1,(anonymous_5)
FNDA:1,fulfilled
FNDA:0,rejected
FNDA:2,step
FNDA:1,(anonymous_9)
FNDA:1,(anonymous_10)
FNDA:0,(anonymous_11)
FNDA:3,verb
FNDA:2,(anonymous_13)
FNDA:2,step
FNDA:1,(anonymous_15)
FNDA:1,(anonymous_16)
FNDA:1,(anonymous_17)
FNDA:2,(anonymous_18)
FNDA:2,render
FNDA:2,(anonymous_20)
DA:3,1
DA:4,2
DA:5,0
DA:6,0
DA:7,0
DA:9,0
DA:11,2
DA:13,1
DA:15,1
DA:16,0
DA:19,1
DA:21,1
DA:22,1
DA:24,0
DA:28,0
DA:29,0
DA:31,0
DA:35,2
DA:37,1
DA:40,1
DA:41,1
DA:44,1
DA:45,1
DA:54,1
DA:59,0
DA:62,3
DA:63,2
DA:67,2
DA:68,4
DA:69,4
DA:70,4
DA:71,4
DA:74,2
DA:75,2
DA:77,1
DA:78,1
DA:83,0
DA:84,0
DA:85,0
DA:86,0
DA:88,0
DA:89,0
DA:90,0
DA:92,1
DA:93,1
DA:94,1
DA:96,0
DA:97,0
DA:98,0
DA:100,0
DA:101,0
DA:102,0
DA:103,0
DA:105,0
DA:106,0
DA:107,0
DA:108,0
DA:110,0
DA:111,0
DA:112,0
DA:114,2
DA:116,0
DA:117,0
DA:119,4
DA:121,1
DA:122,1
DA:128,1
DA:131,1
DA:132,1
DA:133,1
DA:134,1
DA:137,1
DA:145,1
DA:146,1
DA:147,1
DA:148,1
DA:149,1
DA:150,1
DA:151,1
DA:153,1
DA:154,2
DA:156,1
DA:157,1
DA:159,1
DA:160,1
DA:165,1
DA:169,1
DA:173,1
DA:177,1
DA:178,1
DA:179,1
DA:180,1
DA:181,1
DA:182,1
DA:183,1
DA:185,2
DA:189,2
DA:197,1
DA:198,1
LF:99
LH:66
BRDA:3,0,0,1
BRDA:3,0,1,1
BRDA:3,0,2,1
BRDA:4,1,0,2
BRDA:4,1,1,0
BRDA:7,2,0,0
BRDA:7,2,1,0
BRDA:13,3,0,1
BRDA:13,3,1,1
BRDA:13,3,2,1
BRDA:15,4,0,1
BRDA:15,4,1,0
BRDA:19,5,0,1
BRDA:19,5,1,1
BRDA:35,6,0,1
BRDA:35,6,1,1
BRDA:37,7,0,1
BRDA:37,7,1,1
BRDA:40,8,0,1
BRDA:40,8,1,1
BRDA:40,8,2,1
BRDA:44,9,0,0
BRDA:44,9,1,1
BRDA:58,10,0,1
BRDA:58,10,1,1
BRDA:67,11,0,0
BRDA:67,11,1,2
BRDA:68,12,0,5
BRDA:68,12,1,1
BRDA:68,13,0,1
BRDA:68,13,1,0
BRDA:69,14,0,0
BRDA:69,14,1,4
BRDA:69,15,0,4
BRDA:69,15,1,0
BRDA:69,15,2,0
BRDA:69,16,0,0
BRDA:69,16,1,0
BRDA:69,17,0,0
BRDA:69,17,1,0
BRDA:69,18,0,0
BRDA:69,18,1,0
BRDA:69,19,0,0
BRDA:69,19,1,0
BRDA:70,20,0,0
BRDA:70,20,1,4
BRDA:71,21,0,2
BRDA:71,21,1,2
BRDA:71,21,2,1
BRDA:71,21,3,0
BRDA:71,21,4,0
BRDA:71,21,5,1
BRDA:92,22,0,1
BRDA:92,22,1,0
BRDA:92,23,0,1
BRDA:92,23,1,1
BRDA:92,23,2,1
BRDA:92,24,0,1
BRDA:92,24,1,0
BRDA:96,25,0,0
BRDA:96,25,1,0
BRDA:96,26,0,0
BRDA:96,26,1,0
BRDA:96,26,2,0
BRDA:96,26,3,0
BRDA:100,27,0,0
BRDA:100,27,1,0
BRDA:100,28,0,0
BRDA:100,28,1,0
BRDA:105,29,0,0
BRDA:105,29,1,0
BRDA:105,30,0,0
BRDA:105,30,1,0
BRDA:110,31,0,0
BRDA:110,31,1,0
BRDA:121,32,0,0
BRDA:121,32,1,1
BRDA:123,33,0,1
BRDA:123,33,1,0
BRDA:154,34,0,1
BRDA:154,34,1,1
BRF:81
BRH:40
end_of_record
TN:
SF:src\components\SearchPlanet.vue
FN:3,(anonymous_0)
FN:4,(anonymous_1)
FN:13,(anonymous_2)
FN:14,adopt
FN:15,(anonymous_4)
FN:19,(anonymous_5)
FN:20,fulfilled
FN:27,rejected
FN:34,step
FN:40,(anonymous_9)
FN:43,(anonymous_10)
FN:58,(anonymous_11)
FN:61,verb
FN:62,(anonymous_13)
FN:66,step
FN:138,(anonymous_15)
FN:146,(anonymous_16)
FN:147,(anonymous_17)
FN:149,(anonymous_18)
FN:179,(anonymous_19)
FN:180,(anonymous_20)
FN:182,(anonymous_21)
FN:219,render
FN:224,(anonymous_23)
FN:238,(anonymous_24)
FN:246,(anonymous_25)
FNF:26
FNH:0
FNDA:0,(anonymous_0)
FNDA:0,(anonymous_1)
FNDA:0,(anonymous_2)
FNDA:0,adopt
FNDA:0,(anonymous_4)
FNDA:0,(anonymous_5)
FNDA:0,fulfilled
FNDA:0,rejected
FNDA:0,step
FNDA:0,(anonymous_9)
FNDA:0,(anonymous_10)
FNDA:0,(anonymous_11)
FNDA:0,verb
FNDA:0,(anonymous_13)
FNDA:0,step
FNDA:0,(anonymous_15)
FNDA:0,(anonymous_16)
FNDA:0,(anonymous_17)
FNDA:0,(anonymous_18)
FNDA:0,(anonymous_19)
FNDA:0,(anonymous_20)
FNDA:0,(anonymous_21)
FNDA:0,render
FNDA:0,(anonymous_23)
FNDA:0,(anonymous_24)
FNDA:0,(anonymous_25)
DA:3,0
DA:4,0
DA:5,0
DA:6,0
DA:7,0
DA:9,0
DA:11,0
DA:13,0
DA:15,0
DA:16,0
DA:19,0
DA:21,0
DA:22,0
DA:24,0
DA:28,0
DA:29,0
DA:31,0
DA:35,0
DA:37,0
DA:40,0
DA:41,0
DA:44,0
DA:45,0
DA:54,0
DA:59,0
DA:62,0
DA:63,0
DA:67,0
DA:68,0
DA:69,0
DA:70,0
DA:71,0
DA:74,0
DA:75,0
DA:77,0
DA:78,0
DA:83,0
DA:84,0
DA:85,0
DA:86,0
DA:88,0
DA:89,0
DA:90,0
DA:92,0
DA:93,0
DA:94,0
DA:96,0
DA:97,0
DA:98,0
DA:100,0
DA:101,0
DA:102,0
DA:103,0
DA:105,0
DA:106,0
DA:107,0
DA:108,0
DA:110,0
DA:111,0
DA:112,0
DA:114,0
DA:116,0
DA:117,0
DA:119,0
DA:121,0
DA:122,0
DA:128,0
DA:131,0
DA:132,0
DA:133,0
DA:134,0
DA:137,0
DA:139,0
DA:140,0
DA:141,0
DA:142,0
DA:143,0
DA:144,0
DA:145,0
DA:146,0
DA:147,0
DA:149,0
DA:150,0
DA:152,0
DA:153,0
DA:154,0
DA:155,0
DA:156,0
DA:158,0
DA:159,0
DA:161,0
DA:162,0
DA:164,0
DA:165,0
DA:167,0
DA:168,0
DA:169,0
DA:171,0
DA:172,0
DA:174,0
DA:179,0
DA:180,0
DA:182,0
DA:183,0
DA:185,0
DA:186,0
DA:187,0
DA:189,0
DA:190,0
DA:195,0
DA:202,0
DA:206,0
DA:210,0
DA:211,0
DA:212,0
DA:213,0
DA:214,0
DA:215,0
DA:216,0
DA:217,0
DA:218,0
DA:220,0
DA:224,0
DA:239,0
DA:247,0
DA:262,0
DA:263,0
LF:127
LH:0
BRDA:3,0,0,0
BRDA:3,0,1,0
BRDA:3,0,2,0
BRDA:4,1,0,0
BRDA:4,1,1,0
BRDA:7,2,0,0
BRDA:7,2,1,0
BRDA:13,3,0,0
BRDA:13,3,1,0
BRDA:13,3,2,0
BRDA:15,4,0,0
BRDA:15,4,1,0
BRDA:19,5,0,0
BRDA:19,5,1,0
BRDA:35,6,0,0
BRDA:35,6,1,0
BRDA:37,7,0,0
BRDA:37,7,1,0
BRDA:40,8,0,0
BRDA:40,8,1,0
BRDA:40,8,2,0
BRDA:44,9,0,0
BRDA:44,9,1,0
BRDA:58,10,0,0
BRDA:58,10,1,0
BRDA:67,11,0,0
BRDA:67,11,1,0
BRDA:68,12,0,0
BRDA:68,12,1,0
BRDA:68,13,0,0
BRDA:68,13,1,0
BRDA:69,14,0,0
BRDA:69,14,1,0
BRDA:69,15,0,0
BRDA:69,15,1,0
BRDA:69,15,2,0
BRDA:69,16,0,0
BRDA:69,16,1,0
BRDA:69,17,0,0
BRDA:69,17,1,0
BRDA:69,18,0,0
BRDA:69,18,1,0
BRDA:69,19,0,0
BRDA:69,19,1,0
BRDA:70,20,0,0
BRDA:70,20,1,0
BRDA:71,21,0,0
BRDA:71,21,1,0
BRDA:71,21,2,0
BRDA:71,21,3,0
BRDA:71,21,4,0
BRDA:71,21,5,0
BRDA:92,22,0,0
BRDA:92,22,1,0
BRDA:92,23,0,0
BRDA:92,23,1,0
BRDA:92,23,2,0
BRDA:92,24,0,0
BRDA:92,24,1,0
BRDA:96,25,0,0
BRDA:96,25,1,0
BRDA:96,26,0,0
BRDA:96,26,1,0
BRDA:96,26,2,0
BRDA:96,26,3,0
BRDA:100,27,0,0
BRDA:100,27,1,0
BRDA:100,28,0,0
BRDA:100,28,1,0
BRDA:105,29,0,0
BRDA:105,29,1,0
BRDA:105,30,0,0
BRDA:105,30,1,0
BRDA:110,31,0,0
BRDA:110,31,1,0
BRDA:121,32,0,0
BRDA:121,32,1,0
BRDA:123,33,0,0
BRDA:123,33,1,0
BRDA:150,34,0,0
BRDA:150,34,1,0
BRDA:150,34,2,0
BRDA:150,34,3,0
BRDA:150,34,4,0
BRDA:150,34,5,0
BRDA:150,34,6,0
BRDA:155,35,0,0
BRDA:155,35,1,0
BRDA:183,36,0,0
BRDA:183,36,1,0
BRDA:224,37,0,0
BRDA:224,37,1,0
BRDA:236,38,0,0
BRDA:236,38,1,0
BRF:94
BRH:0
end_of_record
TN:
SF:src\views\PlanetsView.vue
FN:3,(anonymous_0)
FN:4,(anonymous_1)
FN:13,(anonymous_2)
FN:14,adopt
FN:15,(anonymous_4)
FN:19,(anonymous_5)
FN:20,fulfilled
FN:27,rejected
FN:34,step
FN:40,(anonymous_9)
FN:43,(anonymous_10)
FN:58,(anonymous_11)
FN:61,verb
FN:62,(anonymous_13)
FN:66,step
FN:128,(anonymous_15)
FN:144,(anonymous_16)
FN:150,(anonymous_17)
FN:151,(anonymous_18)
FN:153,(anonymous_19)
FN:175,(anonymous_20)
FN:202,render
FN:208,(anonymous_22)
FNF:23
FNH:0
FNDA:0,(anonymous_0)
FNDA:0,(anonymous_1)
FNDA:0,(anonymous_2)
FNDA:0,adopt
FNDA:0,(anonymous_4)
FNDA:0,(anonymous_5)
FNDA:0,fulfilled
FNDA:0,rejected
FNDA:0,step
FNDA:0,(anonymous_9)
FNDA:0,(anonymous_10)
FNDA:0,(anonymous_11)
FNDA:0,verb
FNDA:0,(anonymous_13)
FNDA:0,step
FNDA:0,(anonymous_15)
FNDA:0,(anonymous_16)
FNDA:0,(anonymous_17)
FNDA:0,(anonymous_18)
FNDA:0,(anonymous_19)
FNDA:0,(anonymous_20)
FNDA:0,render
FNDA:0,(anonymous_22)
DA:3,0
DA:4,0
DA:5,0
DA:6,0
DA:7,0
DA:9,0
DA:11,0
DA:13,0
DA:15,0
DA:16,0
DA:19,0
DA:21,0
DA:22,0
DA:24,0
DA:28,0
DA:29,0
DA:31,0
DA:35,0
DA:37,0
DA:40,0
DA:41,0
DA:44,0
DA:45,0
DA:54,0
DA:59,0
DA:62,0
DA:63,0
DA:67,0
DA:68,0
DA:69,0
DA:70,0
DA:71,0
DA:74,0
DA:75,0
DA:77,0
DA:78,0
DA:83,0
DA:84,0
DA:85,0
DA:86,0
DA:88,0
DA:89,0
DA:90,0
DA:92,0
DA:93,0
DA:94,0
DA:96,0
DA:97,0
DA:98,0
DA:100,0
DA:101,0
DA:102,0
DA:103,0
DA:105,0
DA:106,0
DA:107,0
DA:108,0
DA:110,0
DA:111,0
DA:112,0
DA:114,0
DA:116,0
DA:117,0
DA:119,0
DA:121,0
DA:122,0
DA:128,0
DA:129,0
DA:133,0
DA:136,0
DA:137,0
DA:138,0
DA:139,0
DA:140,0
DA:143,0
DA:145,0
DA:146,0
DA:147,0
DA:148,0
DA:149,0
DA:150,0
DA:151,0
DA:153,0
DA:154,0
DA:156,0
DA:157,0
DA:158,0
DA:160,0
DA:161,0
DA:163,0
DA:164,0
DA:165,0
DA:167,0
DA:168,0
DA:170,0
DA:175,0
DA:176,0
DA:178,0
DA:184,0
DA:188,0
DA:192,0
DA:193,0
DA:194,0
DA:195,0
DA:196,0
DA:197,0
DA:198,0
DA:203,0
DA:209,0
DA:217,0
DA:218,0
LF:111
LH:0
BRDA:3,0,0,0
BRDA:3,0,1,0
BRDA:3,0,2,0
BRDA:4,1,0,0
BRDA:4,1,1,0
BRDA:7,2,0,0
BRDA:7,2,1,0
BRDA:13,3,0,0
BRDA:13,3,1,0
BRDA:13,3,2,0
BRDA:15,4,0,0
BRDA:15,4,1,0
BRDA:19,5,0,0
BRDA:19,5,1,0
BRDA:35,6,0,0
BRDA:35,6,1,0
BRDA:37,7,0,0
BRDA:37,7,1,0
BRDA:40,8,0,0
BRDA:40,8,1,0
BRDA:40,8,2,0
BRDA:44,9,0,0
BRDA:44,9,1,0
BRDA:58,10,0,0
BRDA:58,10,1,0
BRDA:67,11,0,0
BRDA:67,11,1,0
BRDA:68,12,0,0
BRDA:68,12,1,0
BRDA:68,13,0,0
BRDA:68,13,1,0
BRDA:69,14,0,0
BRDA:69,14,1,0
BRDA:69,15,0,0
BRDA:69,15,1,0
BRDA:69,15,2,0
BRDA:69,16,0,0
BRDA:69,16,1,0
BRDA:69,17,0,0
BRDA:69,17,1,0
BRDA:69,18,0,0
BRDA:69,18,1,0
BRDA:69,19,0,0
BRDA:69,19,1,0
BRDA:70,20,0,0
BRDA:70,20,1,0
BRDA:71,21,0,0
BRDA:71,21,1,0
BRDA:71,21,2,0
BRDA:71,21,3,0
BRDA:71,21,4,0
BRDA:71,21,5,0
BRDA:92,22,0,0
BRDA:92,22,1,0
BRDA:92,23,0,0
BRDA:92,23,1,0
BRDA:92,23,2,0
BRDA:92,24,0,0
BRDA:92,24,1,0
BRDA:96,25,0,0
BRDA:96,25,1,0
BRDA:96,26,0,0
BRDA:96,26,1,0
BRDA:96,26,2,0
BRDA:96,26,3,0
BRDA:100,27,0,0
BRDA:100,27,1,0
BRDA:100,28,0,0
BRDA:100,28,1,0
BRDA:105,29,0,0
BRDA:105,29,1,0
BRDA:105,30,0,0
BRDA:105,30,1,0
BRDA:110,31,0,0
BRDA:110,31,1,0
BRDA:121,32,0,0
BRDA:121,32,1,0
BRDA:123,33,0,0
BRDA:123,33,1,0
BRDA:128,34,0,0
BRDA:128,34,1,0
BRDA:128,34,2,0
BRDA:129,35,0,0
BRDA:129,35,1,0
BRDA:129,36,0,0
BRDA:129,36,1,0
BRDA:154,37,0,0
BRDA:154,37,1,0
BRDA:154,37,2,0
BRDA:154,37,3,0
BRDA:154,37,4,0
BRDA:205,38,0,0
BRDA:205,38,1,0
BRF:93
BRH:0
end_of_record
TN:
SF:src\views\SearchPlanetsView.vue
FN:3,(anonymous_0)
FN:4,(anonymous_1)
FN:13,(anonymous_2)
FN:27,(anonymous_3)
FN:44,render
FNF:5
FNH:0
FNDA:0,(anonymous_0)
FNDA:0,(anonymous_1)
FNDA:0,(anonymous_2)
FNDA:0,(anonymous_3)
FNDA:0,render
DA:3,0
DA:4,0
DA:5,0
DA:6,0
DA:7,0
DA:9,0
DA:11,0
DA:13,0
DA:14,0
DA:18,0
DA:21,0
DA:22,0
DA:23,0
DA:26,0
DA:28,0
DA:29,0
DA:30,0
DA:33,0
DA:37,0
DA:41,0
DA:42,0
DA:43,0
DA:45,0
DA:49,0
DA:50,0
LF:25
LH:0
BRDA:3,0,0,0
BRDA:3,0,1,0
BRDA:3,0,2,0
BRDA:4,1,0,0
BRDA:4,1,1,0
BRDA:7,2,0,0
BRDA:7,2,1,0
BRDA:13,3,0,0
BRDA:13,3,1,0
BRDA:13,3,2,0
BRDA:14,4,0,0
BRDA:14,4,1,0
BRDA:14,5,0,0
BRDA:14,5,1,0
BRF:14
BRH:0
end_of_record
